  title.cpp
c:\users\s-jobi-035\desktop\プログラム\新しいフォルダー\シューティング　メイン\main.h(11): fatal error C1083: include ファイルを開けません。'd3dx9.h':No such file or directory
  spawn.cpp
c:\users\s-jobi-035\desktop\プログラム\新しいフォルダー\シューティング　メイン\main.h(11): fatal error C1083: include ファイルを開けません。'd3dx9.h':No such file or directory
  score.cpp
c:\users\s-jobi-035\desktop\プログラム\新しいフォルダー\シューティング　メイン\main.h(11): fatal error C1083: include ファイルを開けません。'd3dx9.h':No such file or directory
  result.cpp
c:\users\s-jobi-035\desktop\プログラム\新しいフォルダー\シューティング　メイン\main.h(11): fatal error C1083: include ファイルを開けません。'd3dx9.h':No such file or directory
  player.cpp
c:\users\s-jobi-035\desktop\プログラム\新しいフォルダー\シューティング　メイン\main.h(11): fatal error C1083: include ファイルを開けません。'd3dx9.h':No such file or directory
  main.cpp
c:\users\s-jobi-035\desktop\プログラム\新しいフォルダー\シューティング　メイン\main.h(11): fatal error C1083: include ファイルを開けません。'd3dx9.h':No such file or directory
  life.cpp
c:\users\s-jobi-035\desktop\プログラム\新しいフォルダー\シューティング　メイン\main.h(11): fatal error C1083: include ファイルを開けません。'd3dx9.h':No such file or directory
  Item.cpp
c:\users\s-jobi-035\desktop\プログラム\新しいフォルダー\シューティング　メイン\main.h(11): fatal error C1083: include ファイルを開けません。'd3dx9.h':No such file or directory
  input.cpp
c:\users\s-jobi-035\desktop\プログラム\新しいフォルダー\シューティング　メイン\main.h(11): fatal error C1083: include ファイルを開けません。'd3dx9.h':No such file or directory
  game.cpp
c:\users\s-jobi-035\desktop\プログラム\新しいフォルダー\シューティング　メイン\main.h(11): fatal error C1083: include ファイルを開けません。'd3dx9.h':No such file or directory
  fade.cpp
c:\users\s-jobi-035\desktop\プログラム\新しいフォルダー\シューティング　メイン\main.h(11): fatal error C1083: include ファイルを開けません。'd3dx9.h':No such file or directory
  explosion.cpp
c:\users\s-jobi-035\desktop\プログラム\新しいフォルダー\シューティング　メイン\main.h(11): fatal error C1083: include ファイルを開けません。'd3dx9.h':No such file or directory
  enemy.cpp
c:\users\s-jobi-035\desktop\プログラム\新しいフォルダー\シューティング　メイン\main.h(11): fatal error C1083: include ファイルを開けません。'd3dx9.h':No such file or directory
  effect.cpp
c:\users\s-jobi-035\desktop\プログラム\新しいフォルダー\シューティング　メイン\main.h(11): fatal error C1083: include ファイルを開けません。'd3dx9.h':No such file or directory
  bullet.cpp
c:\users\s-jobi-035\desktop\プログラム\新しいフォルダー\シューティング　メイン\main.h(11): fatal error C1083: include ファイルを開けません。'd3dx9.h':No such file or directory
  bombSaid.cpp
c:\users\s-jobi-035\desktop\プログラム\新しいフォルダー\シューティング　メイン\main.h(11): fatal error C1083: include ファイルを開けません。'd3dx9.h':No such file or directory
  bomb.cpp
c:\users\s-jobi-035\desktop\プログラム\新しいフォルダー\シューティング　メイン\main.h(11): fatal error C1083: include ファイルを開けません。'd3dx9.h':No such file or directory
  bg.cpp
c:\users\s-jobi-035\desktop\プログラム\新しいフォルダー\シューティング　メイン\main.h(11): fatal error C1083: include ファイルを開けません。'd3dx9.h':No such file or directory
  コードを生成中...
