c:\users\s-jobi-035\desktop\就活\yosidayuto-\3_二年シューティングゲーム\0_バーチャルシューティング\開発環境\virtual shooting\debug\vc140.pdb
c:\users\s-jobi-035\desktop\就活\yosidayuto-\3_二年シューティングゲーム\0_バーチャルシューティング\開発環境\virtual shooting\debug\vc140.idb
c:\users\s-jobi-035\desktop\就活\yosidayuto-\3_二年シューティングゲーム\0_バーチャルシューティング\開発環境\virtual shooting\debug\player.obj
c:\users\s-jobi-035\desktop\就活\yosidayuto-\3_二年シューティングゲーム\0_バーチャルシューティング\開発環境\virtual shooting\debug\renderer.obj
c:\users\s-jobi-035\desktop\就活\yosidayuto-\3_二年シューティングゲーム\0_バーチャルシューティング\開発環境\virtual shooting\debug\result.obj
c:\users\s-jobi-035\desktop\就活\yosidayuto-\3_二年シューティングゲーム\0_バーチャルシューティング\開発環境\virtual shooting\debug\resultbg.obj
c:\users\s-jobi-035\desktop\就活\yosidayuto-\3_二年シューティングゲーム\0_バーチャルシューティング\開発環境\virtual shooting\debug\scene.obj
c:\users\s-jobi-035\desktop\就活\yosidayuto-\3_二年シューティングゲーム\0_バーチャルシューティング\開発環境\virtual shooting\debug\scene2d.obj
c:\users\s-jobi-035\desktop\就活\yosidayuto-\3_二年シューティングゲーム\0_バーチャルシューティング\開発環境\virtual shooting\debug\score.obj
c:\users\s-jobi-035\desktop\就活\yosidayuto-\3_二年シューティングゲーム\0_バーチャルシューティング\開発環境\virtual shooting\debug\select.obj
c:\users\s-jobi-035\desktop\就活\yosidayuto-\3_二年シューティングゲーム\0_バーチャルシューティング\開発環境\virtual shooting\debug\selectbg.obj
c:\users\s-jobi-035\desktop\就活\yosidayuto-\3_二年シューティングゲーム\0_バーチャルシューティング\開発環境\virtual shooting\debug\sound.obj
c:\users\s-jobi-035\desktop\就活\yosidayuto-\3_二年シューティングゲーム\0_バーチャルシューティング\開発環境\virtual shooting\debug\telop_bar.obj
c:\users\s-jobi-035\desktop\就活\yosidayuto-\3_二年シューティングゲーム\0_バーチャルシューティング\開発環境\virtual shooting\debug\telop_text.obj
c:\users\s-jobi-035\desktop\就活\yosidayuto-\3_二年シューティングゲーム\0_バーチャルシューティング\開発環境\virtual shooting\debug\text.obj
c:\users\s-jobi-035\desktop\就活\yosidayuto-\3_二年シューティングゲーム\0_バーチャルシューティング\開発環境\virtual shooting\debug\title c.obj
c:\users\s-jobi-035\desktop\就活\yosidayuto-\3_二年シューティングゲーム\0_バーチャルシューティング\開発環境\virtual shooting\debug\title.obj
c:\users\s-jobi-035\desktop\就活\yosidayuto-\3_二年シューティングゲーム\0_バーチャルシューティング\開発環境\virtual shooting\debug\tutorial.obj
c:\users\s-jobi-035\desktop\就活\yosidayuto-\3_二年シューティングゲーム\0_バーチャルシューティング\開発環境\virtual shooting\debug\ui.obj
c:\users\s-jobi-035\desktop\就活\yosidayuto-\3_二年シューティングゲーム\0_バーチャルシューティング\開発環境\virtual shooting\debug\warning.obj
c:\users\s-jobi-035\desktop\就活\yosidayuto-\3_二年シューティングゲーム\0_バーチャルシューティング\開発環境\virtual shooting\debug\weapon_ui.obj
c:\users\s-jobi-035\desktop\就活\yosidayuto-\3_二年シューティングゲーム\0_バーチャルシューティング\開発環境\virtual shooting\debug\window.obj
c:\users\s-jobi-035\desktop\就活\yosidayuto-\3_二年シューティングゲーム\0_バーチャルシューティング\開発環境\virtual shooting\debug\boss.obj
c:\users\s-jobi-035\desktop\就活\yosidayuto-\3_二年シューティングゲーム\0_バーチャルシューティング\開発環境\virtual shooting\debug\boss_anime.obj
c:\users\s-jobi-035\desktop\就活\yosidayuto-\3_二年シューティングゲーム\0_バーチャルシューティング\開発環境\virtual shooting\debug\bullet.obj
c:\users\s-jobi-035\desktop\就活\yosidayuto-\3_二年シューティングゲーム\0_バーチャルシューティング\開発環境\virtual shooting\debug\button.obj
c:\users\s-jobi-035\desktop\就活\yosidayuto-\3_二年シューティングゲーム\0_バーチャルシューティング\開発環境\virtual shooting\debug\clear.obj
c:\users\s-jobi-035\desktop\就活\yosidayuto-\3_二年シューティングゲーム\0_バーチャルシューティング\開発環境\virtual shooting\debug\effect.obj
c:\users\s-jobi-035\desktop\就活\yosidayuto-\3_二年シューティングゲーム\0_バーチャルシューティング\開発環境\virtual shooting\debug\enemy.obj
c:\users\s-jobi-035\desktop\就活\yosidayuto-\3_二年シューティングゲーム\0_バーチャルシューティング\開発環境\virtual shooting\debug\explosion.obj
c:\users\s-jobi-035\desktop\就活\yosidayuto-\3_二年シューティングゲーム\0_バーチャルシューティング\開発環境\virtual shooting\debug\fade.obj
c:\users\s-jobi-035\desktop\就活\yosidayuto-\3_二年シューティングゲーム\0_バーチャルシューティング\開発環境\virtual shooting\debug\game.obj
c:\users\s-jobi-035\desktop\就活\yosidayuto-\3_二年シューティングゲーム\0_バーチャルシューティング\開発環境\virtual shooting\debug\homing.obj
c:\users\s-jobi-035\desktop\就活\yosidayuto-\3_二年シューティングゲーム\0_バーチャルシューティング\開発環境\virtual shooting\debug\inihkeyboard.obj
c:\users\s-jobi-035\desktop\就活\yosidayuto-\3_二年シューティングゲーム\0_バーチャルシューティング\開発環境\virtual shooting\debug\input.obj
c:\users\s-jobi-035\desktop\就活\yosidayuto-\3_二年シューティングゲーム\0_バーチャルシューティング\開発環境\virtual shooting\debug\inputmouse.obj
c:\users\s-jobi-035\desktop\就活\yosidayuto-\3_二年シューティングゲーム\0_バーチャルシューティング\開発環境\virtual shooting\debug\laser.obj
c:\users\s-jobi-035\desktop\就活\yosidayuto-\3_二年シューティングゲーム\0_バーチャルシューティング\開発環境\virtual shooting\debug\life.obj
c:\users\s-jobi-035\desktop\就活\yosidayuto-\3_二年シューティングゲーム\0_バーチャルシューティング\開発環境\virtual shooting\debug\main.obj
c:\users\s-jobi-035\desktop\就活\yosidayuto-\3_二年シューティングゲーム\0_バーチャルシューティング\開発環境\virtual shooting\debug\manager.obj
c:\users\s-jobi-035\desktop\就活\yosidayuto-\3_二年シューティングゲーム\0_バーチャルシューティング\開発環境\virtual shooting\debug\mouse pointer.obj
c:\users\s-jobi-035\desktop\就活\yosidayuto-\3_二年シューティングゲーム\0_バーチャルシューティング\開発環境\virtual shooting\debug\number.obj
c:\users\s-jobi-035\desktop\就活\yosidayuto-\3_二年シューティングゲーム\0_バーチャルシューティング\開発環境\virtual shooting\debug\background.obj
c:\users\s-jobi-035\desktop\就活\yosidayuto-\3_二年シューティングゲーム\0_バーチャルシューティング\開発環境\virtual shooting\debug\bg.obj
c:\users\s-jobi-035\desktop\就活\yosidayuto-\3_二年シューティングゲーム\0_バーチャルシューティング\開発環境\virtual shooting\debug\bg_game.obj
c:\users\s-jobi-035\desktop\就活\yosidayuto-\3_二年シューティングゲーム\0_バーチャルシューティング\開発環境\virtual shooting\debug\title bg.obj
c:\users\s-jobi-035\desktop\就活\yosidayuto-\3_二年シューティングゲーム\0_バーチャルシューティング\開発環境\virtual shooting\debug\tutorial bg.obj
c:\users\s-jobi-035\desktop\就活\yosidayuto-\3_二年シューティングゲーム\0_バーチャルシューティング\開発環境\virtual shooting\debug\tutorial p.obj
c:\users\s-jobi-035\desktop\就活\yosidayuto-\3_二年シューティングゲーム\0_バーチャルシューティング\開発環境\virtual shooting\debug\select bg.obj
c:\users\s-jobi-035\desktop\就活\yosidayuto-\3_二年シューティングゲーム\0_バーチャルシューティング\開発環境\virtual shooting\debug\start button.obj
c:\users\s-jobi-035\desktop\就活\yosidayuto-\3_二年シューティングゲーム\0_バーチャルシューティング\開発環境\virtual shooting\debug\button p.obj
c:\users\s-jobi-035\desktop\就活\yosidayuto-\3_二年シューティングゲーム\0_バーチャルシューティング\開発環境\virtual shooting\debug\life button.obj
c:\users\s-jobi-035\desktop\就活\yosidayuto-\3_二年シューティングゲーム\0_バーチャルシューティング\開発環境\virtual shooting\debug\ui count.obj
c:\users\s-jobi-035\desktop\就活\yosidayuto-\3_二年シューティングゲーム\0_バーチャルシューティング\開発環境\debug\virtual shooting.ilk
c:\users\s-jobi-035\desktop\就活\yosidayuto-\3_二年シューティングゲーム\0_バーチャルシューティング\開発環境\debug\virtual shooting.exe
c:\users\s-jobi-035\desktop\就活\yosidayuto-\3_二年シューティングゲーム\0_バーチャルシューティング\開発環境\debug\virtual shooting.pdb
c:\users\s-jobi-035\desktop\就活\yosidayuto-\3_二年シューティングゲーム\0_バーチャルシューティング\開発環境\virtual shooting\debug\virtual shooting.tlog\cl.command.1.tlog
c:\users\s-jobi-035\desktop\就活\yosidayuto-\3_二年シューティングゲーム\0_バーチャルシューティング\開発環境\virtual shooting\debug\virtual shooting.tlog\cl.read.1.tlog
c:\users\s-jobi-035\desktop\就活\yosidayuto-\3_二年シューティングゲーム\0_バーチャルシューティング\開発環境\virtual shooting\debug\virtual shooting.tlog\cl.write.1.tlog
c:\users\s-jobi-035\desktop\就活\yosidayuto-\3_二年シューティングゲーム\0_バーチャルシューティング\開発環境\virtual shooting\debug\virtual shooting.tlog\link.command.1.tlog
c:\users\s-jobi-035\desktop\就活\yosidayuto-\3_二年シューティングゲーム\0_バーチャルシューティング\開発環境\virtual shooting\debug\virtual shooting.tlog\link.read.1.tlog
c:\users\s-jobi-035\desktop\就活\yosidayuto-\3_二年シューティングゲーム\0_バーチャルシューティング\開発環境\virtual shooting\debug\virtual shooting.tlog\link.write.1.tlog
