  Background.cpp
  bg.cpp
  bg_game.cpp
  boss.cpp
  boss_anime.cpp
  bullet.cpp
  button p.cpp
  button.cpp
  clear.cpp
  effect.cpp
  enemy.cpp
  explosion.cpp
  fade.cpp
  game.cpp
  homing.cpp
  laser.cpp
  life button.cpp
  life ui.cpp
  life.cpp
  main.cpp
  コンパイル中...
  manager.cpp
  mouse pointer.cpp
  number.cpp
  player.cpp
  renderer.cpp
  result.cpp
  resultBg.cpp
  scene.cpp
  scene2d.cpp
  score.cpp
  select.cpp
  select bg.cpp
  sound.cpp
  start button.cpp
  telop_bar.cpp
  telop_text.cpp
  text.cpp
  title bg.cpp
  title.cpp
  tutorial bg.cpp
  コンパイル中...
  tutorial.cpp
  ui count.cpp
  ui.cpp
  warning.cpp
  weapon_UI.cpp
  window.cpp
  コード生成しています。
  211 of 530 functions (39.8%) were compiled, the rest were copied from previous compilation.
    89 functions were new in current compilation
    119 functions had inline decision re-evaluated but remain unchanged
  コード生成が終了しました。
  Virtual Shooting.vcxproj -> C:\Users\S-JoBi-035\Desktop\就活\yosidayuto-\3_二年シューティングゲーム\0_バーチャルシューティング\開発環境\Release\Virtual Shooting.exe
  Virtual Shooting.vcxproj -> C:\Users\S-JoBi-035\Desktop\就活\yosidayuto-\3_二年シューティングゲーム\0_バーチャルシューティング\開発環境\Release\Virtual Shooting.pdb (Full PDB)
