c:\users\gsp035\documents\visual studio 2015\projects\シューティング　メイン\debug\vc140.pdb
c:\users\gsp035\documents\visual studio 2015\projects\シューティング　メイン\debug\vc140.idb
c:\users\gsp035\documents\visual studio 2015\projects\シューティング　メイン\debug\game.obj
c:\users\gsp035\documents\visual studio 2015\projects\シューティング　メイン\debug\life.obj
c:\users\gsp035\documents\visual studio 2015\projects\シューティング　メイン\debug\main.obj
c:\users\gsp035\documents\visual studio 2015\projects\シューティング　メイン\debug\bomb.obj
c:\users\gsp035\documents\visual studio 2015\projects\シューティング　メイン\debug\player.obj
c:\users\gsp035\documents\visual studio 2015\projects\シューティング　メイン\debug\item.obj
c:\users\gsp035\documents\visual studio 2015\projects\シューティング　メイン\debug\bullet.obj
c:\users\gsp035\documents\visual studio 2015\projects\シューティング　メイン\debug\effect.obj
c:\users\gsp035\documents\visual studio 2015\projects\シューティング　メイン\debug\enemy.obj
c:\users\s-jobi-035\desktop\プログラム\新しいフォルダー\シューティング　メイン\debug\vc140.pdb
c:\users\s-jobi-035\desktop\プログラム\新しいフォルダー\シューティング　メイン\debug\vc140.idb
c:\users\s-jobi-035\desktop\プログラム\新しいフォルダー\シューティング　メイン\debug\bg.obj
c:\users\s-jobi-035\desktop\プログラム\新しいフォルダー\シューティング　メイン\debug\bomb.obj
c:\users\s-jobi-035\desktop\プログラム\新しいフォルダー\シューティング　メイン\debug\bullet.obj
c:\users\s-jobi-035\desktop\プログラム\新しいフォルダー\シューティング　メイン\debug\effect.obj
c:\users\s-jobi-035\desktop\プログラム\新しいフォルダー\シューティング　メイン\debug\enemy.obj
c:\users\s-jobi-035\desktop\プログラム\新しいフォルダー\シューティング　メイン\debug\explosion.obj
c:\users\s-jobi-035\desktop\プログラム\新しいフォルダー\シューティング　メイン\debug\fade.obj
c:\users\s-jobi-035\desktop\プログラム\新しいフォルダー\シューティング　メイン\debug\game.obj
c:\users\s-jobi-035\desktop\プログラム\新しいフォルダー\シューティング　メイン\debug\input.obj
c:\users\s-jobi-035\desktop\プログラム\新しいフォルダー\シューティング　メイン\debug\item.obj
c:\users\s-jobi-035\desktop\プログラム\新しいフォルダー\シューティング　メイン\debug\life.obj
c:\users\s-jobi-035\desktop\プログラム\新しいフォルダー\シューティング　メイン\debug\main.obj
c:\users\s-jobi-035\desktop\プログラム\新しいフォルダー\シューティング　メイン\debug\player.obj
c:\users\s-jobi-035\desktop\プログラム\新しいフォルダー\シューティング　メイン\debug\result.obj
c:\users\s-jobi-035\desktop\プログラム\新しいフォルダー\シューティング　メイン\debug\score.obj
c:\users\s-jobi-035\desktop\プログラム\新しいフォルダー\シューティング　メイン\debug\spawn.obj
c:\users\s-jobi-035\desktop\プログラム\新しいフォルダー\シューティング　メイン\debug\title.obj
c:\users\s-jobi-035\desktop\就職作品\一年生　シューティングゲーム\シューティング　メイン\debug\vc140.pdb
c:\users\s-jobi-035\desktop\就職作品\一年生　シューティングゲーム\シューティング　メイン\debug\vc140.idb
c:\users\s-jobi-035\desktop\就職作品\一年生　シューティングゲーム\シューティング　メイン\debug\bg.obj
c:\users\s-jobi-035\desktop\就職作品\一年生　シューティングゲーム\シューティング　メイン\debug\bomb.obj
c:\users\s-jobi-035\desktop\就職作品\一年生　シューティングゲーム\シューティング　メイン\debug\bullet.obj
c:\users\s-jobi-035\desktop\就職作品\一年生　シューティングゲーム\シューティング　メイン\debug\effect.obj
c:\users\s-jobi-035\desktop\就職作品\一年生　シューティングゲーム\シューティング　メイン\debug\enemy.obj
c:\users\s-jobi-035\desktop\就職作品\一年生　シューティングゲーム\シューティング　メイン\debug\explosion.obj
c:\users\s-jobi-035\desktop\就職作品\一年生　シューティングゲーム\シューティング　メイン\debug\fade.obj
c:\users\s-jobi-035\desktop\就職作品\一年生　シューティングゲーム\シューティング　メイン\debug\game.obj
c:\users\s-jobi-035\desktop\就職作品\一年生　シューティングゲーム\シューティング　メイン\debug\input.obj
c:\users\s-jobi-035\desktop\就職作品\一年生　シューティングゲーム\シューティング　メイン\debug\item.obj
c:\users\s-jobi-035\desktop\就職作品\一年生　シューティングゲーム\シューティング　メイン\debug\life.obj
c:\users\s-jobi-035\desktop\就職作品\一年生　シューティングゲーム\シューティング　メイン\debug\main.obj
c:\users\s-jobi-035\desktop\就職作品\一年生　シューティングゲーム\シューティング　メイン\debug\player.obj
c:\users\s-jobi-035\desktop\就職作品\一年生　シューティングゲーム\シューティング　メイン\debug\result.obj
c:\users\s-jobi-035\desktop\就職作品\一年生　シューティングゲーム\シューティング　メイン\debug\score.obj
c:\users\s-jobi-035\desktop\就職作品\一年生　シューティングゲーム\シューティング　メイン\debug\spawn.obj
c:\users\s-jobi-035\desktop\就職作品\一年生　シューティングゲーム\シューティング　メイン\debug\title.obj
c:\users\s-jobi-035\desktop\制作作品\一年生　シューティングゲーム\シューティング　メイン\debug\vc140.pdb
c:\users\s-jobi-035\desktop\制作作品\一年生　シューティングゲーム\シューティング　メイン\debug\vc140.idb
c:\users\s-jobi-035\desktop\制作作品\一年生　シューティングゲーム\シューティング　メイン\debug\bg.obj
c:\users\s-jobi-035\desktop\制作作品\一年生　シューティングゲーム\シューティング　メイン\debug\bomb.obj
c:\users\s-jobi-035\desktop\制作作品\一年生　シューティングゲーム\シューティング　メイン\debug\bullet.obj
c:\users\s-jobi-035\desktop\制作作品\一年生　シューティングゲーム\シューティング　メイン\debug\effect.obj
c:\users\s-jobi-035\desktop\制作作品\一年生　シューティングゲーム\シューティング　メイン\debug\enemy.obj
c:\users\s-jobi-035\desktop\制作作品\一年生　シューティングゲーム\シューティング　メイン\debug\explosion.obj
c:\users\s-jobi-035\desktop\制作作品\一年生　シューティングゲーム\シューティング　メイン\debug\fade.obj
c:\users\s-jobi-035\desktop\制作作品\一年生　シューティングゲーム\シューティング　メイン\debug\game.obj
c:\users\s-jobi-035\desktop\制作作品\一年生　シューティングゲーム\シューティング　メイン\debug\input.obj
c:\users\s-jobi-035\desktop\制作作品\一年生　シューティングゲーム\シューティング　メイン\debug\item.obj
c:\users\s-jobi-035\desktop\制作作品\一年生　シューティングゲーム\シューティング　メイン\debug\life.obj
c:\users\s-jobi-035\desktop\制作作品\一年生　シューティングゲーム\シューティング　メイン\debug\main.obj
c:\users\s-jobi-035\desktop\制作作品\一年生　シューティングゲーム\シューティング　メイン\debug\player.obj
c:\users\s-jobi-035\desktop\制作作品\一年生　シューティングゲーム\シューティング　メイン\debug\result.obj
c:\users\s-jobi-035\desktop\制作作品\一年生　シューティングゲーム\シューティング　メイン\debug\score.obj
c:\users\s-jobi-035\desktop\制作作品\一年生　シューティングゲーム\シューティング　メイン\debug\spawn.obj
c:\users\s-jobi-035\desktop\制作作品\一年生　シューティングゲーム\シューティング　メイン\debug\title.obj
c:\users\s-jobi-035\desktop\制作作品\一年生　シューティングゲーム\シューティング　メイン\debug\bombsaid.obj
c:\users\gsp035\documents\visual studio 2015\projects\シューティング　メイン\debug\シューティング　メイン.ilk
c:\users\gsp035\documents\visual studio 2015\projects\シューティング　メイン\debug\シューティング　メイン.exe
c:\users\gsp035\documents\visual studio 2015\projects\シューティング　メイン\debug\シューティング　メイン.pdb
c:\users\s-jobi-035\desktop\制作作品\一年生　シューティングゲーム\シューティング　メイン\debug\bullet.obj.enc
c:\users\s-jobi-035\desktop\制作作品\一年生　シューティングゲーム\シューティング　メイン\debug\enemy.obj.enc
c:\users\s-jobi-035\desktop\制作作品\一年生　シューティングゲーム\シューティング　メイン\debug\fade.obj.enc
c:\users\s-jobi-035\desktop\制作作品\一年生　シューティングゲーム\シューティング　メイン\debug\item.obj.enc
c:\users\s-jobi-035\desktop\制作作品\一年生　シューティングゲーム\シューティング　メイン\debug\life.obj.enc
c:\users\s-jobi-035\desktop\制作作品\一年生　シューティングゲーム\シューティング　メイン\debug\player.obj.enc
c:\users\s-jobi-035\desktop\制作作品\一年生　シューティングゲーム\シューティング　メイン\debug\score.obj.enc
c:\users\s-jobi-035\desktop\制作作品\一年生　シューティングゲーム\シューティング　メイン\debug\title.obj.enc
c:\users\s-jobi-035\desktop\制作作品\一年生　シューティングゲーム\シューティング　メイン\debug\シューティング　メイン.pdb
c:\users\s-jobi-035\desktop\制作作品\一年生　シューティングゲーム\シューティング　メイン\debug\シューティング　メイン.tlog\cl.command.1.tlog
c:\users\s-jobi-035\desktop\制作作品\一年生　シューティングゲーム\シューティング　メイン\debug\シューティング　メイン.tlog\cl.read.1.tlog
c:\users\s-jobi-035\desktop\制作作品\一年生　シューティングゲーム\シューティング　メイン\debug\シューティング　メイン.tlog\cl.write.1.tlog
c:\users\s-jobi-035\desktop\制作作品\一年生　シューティングゲーム\シューティング　メイン\debug\シューティング　メイン.tlog\link-cvtres.read.1.tlog
c:\users\s-jobi-035\desktop\制作作品\一年生　シューティングゲーム\シューティング　メイン\debug\シューティング　メイン.tlog\link-cvtres.write.1.tlog
c:\users\s-jobi-035\desktop\制作作品\一年生　シューティングゲーム\シューティング　メイン\debug\シューティング　メイン.tlog\link-rc.read.1.tlog
c:\users\s-jobi-035\desktop\制作作品\一年生　シューティングゲーム\シューティング　メイン\debug\シューティング　メイン.tlog\link-rc.write.1.tlog
c:\users\s-jobi-035\desktop\制作作品\一年生　シューティングゲーム\シューティング　メイン\debug\シューティング　メイン.tlog\link.command.1.tlog
c:\users\s-jobi-035\desktop\制作作品\一年生　シューティングゲーム\シューティング　メイン\debug\シューティング　メイン.tlog\link.read.1.tlog
c:\users\s-jobi-035\desktop\制作作品\一年生　シューティングゲーム\シューティング　メイン\debug\シューティング　メイン.tlog\link.write.1.tlog
