  Obstacle.cpp
  コードを生成中...
  コンパイル中...
  woodenbox.cpp
  weaponselectscene.cpp
  weaponselect.cpp
  weapons_ui.cpp
  uav.cpp
  tutorialstage.cpp
  tutorialbutton.cpp
  tutorial.cpp
  trap.cpp
  titlelogo.cpp
  title.cpp
  startbutton.cpp
  stage04.cpp
  stage03.cpp
  stage02.cpp
  stage01.cpp
  sound.cpp
  returntitlebutton.cpp
  retrybutton.cpp
  resultscene.cpp
  コードを生成中...
  コンパイル中...
  result.cpp
  renderer.cpp
  question.cpp
  polygon3d.cpp
  player.cpp
  pause.cpp
  object3d.cpp
  object2d.cpp
  object.cpp
  number.cpp
  muzzleflash.cpp
  monitor.cpp
  model.cpp
  mission.cpp
  meshfield_cylinder.cpp
  map04.cpp
  map03.cpp
  map02.cpp
  map01.cpp
  manager.cpp
  コードを生成中...
  コンパイル中...
  main.cpp
  line.cpp
  light_enemy.cpp
  light.cpp
  item_ui.cpp
  item.cpp
  inputmouse.cpp
  inputkeyboard.cpp
  inputjoystick.cpp
  input.cpp
  hiteffect.cpp
  heavy_enemy.cpp
  handgunbutton.cpp
  goal.cpp
  gameoveroverlay.cpp
  fade.cpp
  explosion2.cpp
  explosion.cpp
  exclamationmark.cpp
  enemy.cpp
  コードを生成中...
  コンパイル中...
  debug.cpp
  damage_ui.cpp
  crosshair.cpp
  countdown.cpp
  continuebutton.cpp
  computer.cpp
  clear.cpp
  camera.cpp
  button.cpp
  bullet_ui.cpp
  blood.cpp
  billboard.cpp
  assaultbutton.cpp
  animation.cpp
  コードを生成中...
  3DTeamE.vcxproj -> C:\Users\S-JoBi-035\Desktop\TeamE2020\プロジェクト\Debug\3DTeamE.exe
  3DTeamE.vcxproj -> C:\Users\S-JoBi-035\Desktop\TeamE2020\プロジェクト\Debug\3DTeamE.pdb (Full PDB)
