  window.cpp
c:\users\s-jobi-035\desktop\就活\yosidayuto-\3 二年シューティングゲーム\バーチャルシューティング\開発環境\virtual shooting\main.h(15): fatal error C1083: include ファイルを開けません。'd3dx9.h':No such file or directory
  weapon_UI.cpp
c:\users\s-jobi-035\desktop\就活\yosidayuto-\3 二年シューティングゲーム\バーチャルシューティング\開発環境\virtual shooting\main.h(15): fatal error C1083: include ファイルを開けません。'd3dx9.h':No such file or directory
  warning.cpp
c:\users\s-jobi-035\desktop\就活\yosidayuto-\3 二年シューティングゲーム\バーチャルシューティング\開発環境\virtual shooting\main.h(15): fatal error C1083: include ファイルを開けません。'd3dx9.h':No such file or directory
  ui.cpp
c:\users\s-jobi-035\desktop\就活\yosidayuto-\3 二年シューティングゲーム\バーチャルシューティング\開発環境\virtual shooting\main.h(15): fatal error C1083: include ファイルを開けません。'd3dx9.h':No such file or directory
  tutorial.cpp
c:\users\s-jobi-035\desktop\就活\yosidayuto-\3 二年シューティングゲーム\バーチャルシューティング\開発環境\virtual shooting\main.h(15): fatal error C1083: include ファイルを開けません。'd3dx9.h':No such file or directory
  title.cpp
c:\users\s-jobi-035\desktop\就活\yosidayuto-\3 二年シューティングゲーム\バーチャルシューティング\開発環境\virtual shooting\main.h(15): fatal error C1083: include ファイルを開けません。'd3dx9.h':No such file or directory
  text.cpp
c:\users\s-jobi-035\desktop\就活\yosidayuto-\3 二年シューティングゲーム\バーチャルシューティング\開発環境\virtual shooting\main.h(15): fatal error C1083: include ファイルを開けません。'd3dx9.h':No such file or directory
  telop_text.cpp
c:\users\s-jobi-035\desktop\就活\yosidayuto-\3 二年シューティングゲーム\バーチャルシューティング\開発環境\virtual shooting\main.h(15): fatal error C1083: include ファイルを開けません。'd3dx9.h':No such file or directory
  telop_bar.cpp
c:\users\s-jobi-035\desktop\就活\yosidayuto-\3 二年シューティングゲーム\バーチャルシューティング\開発環境\virtual shooting\main.h(15): fatal error C1083: include ファイルを開けません。'd3dx9.h':No such file or directory
  sound.cpp
c:\users\s-jobi-035\desktop\就活\yosidayuto-\3 二年シューティングゲーム\バーチャルシューティング\開発環境\virtual shooting\main.h(15): fatal error C1083: include ファイルを開けません。'd3dx9.h':No such file or directory
  selectbg.cpp
c:\users\s-jobi-035\desktop\就活\yosidayuto-\3 二年シューティングゲーム\バーチャルシューティング\開発環境\virtual shooting\main.h(15): fatal error C1083: include ファイルを開けません。'd3dx9.h':No such file or directory
  select.cpp
c:\users\s-jobi-035\desktop\就活\yosidayuto-\3 二年シューティングゲーム\バーチャルシューティング\開発環境\virtual shooting\main.h(15): fatal error C1083: include ファイルを開けません。'd3dx9.h':No such file or directory
  score.cpp
c:\users\s-jobi-035\desktop\就活\yosidayuto-\3 二年シューティングゲーム\バーチャルシューティング\開発環境\virtual shooting\main.h(15): fatal error C1083: include ファイルを開けません。'd3dx9.h':No such file or directory
  scene2d.cpp
c:\users\s-jobi-035\desktop\就活\yosidayuto-\3 二年シューティングゲーム\バーチャルシューティング\開発環境\virtual shooting\main.h(15): fatal error C1083: include ファイルを開けません。'd3dx9.h':No such file or directory
  scene.cpp
c:\users\s-jobi-035\desktop\就活\yosidayuto-\3 二年シューティングゲーム\バーチャルシューティング\開発環境\virtual shooting\main.h(15): fatal error C1083: include ファイルを開けません。'd3dx9.h':No such file or directory
  resultBg.cpp
c:\users\s-jobi-035\desktop\就活\yosidayuto-\3 二年シューティングゲーム\バーチャルシューティング\開発環境\virtual shooting\main.h(15): fatal error C1083: include ファイルを開けません。'd3dx9.h':No such file or directory
  result.cpp
c:\users\s-jobi-035\desktop\就活\yosidayuto-\3 二年シューティングゲーム\バーチャルシューティング\開発環境\virtual shooting\main.h(15): fatal error C1083: include ファイルを開けません。'd3dx9.h':No such file or directory
  renderer.cpp
c:\users\s-jobi-035\desktop\就活\yosidayuto-\3 二年シューティングゲーム\バーチャルシューティング\開発環境\virtual shooting\main.h(15): fatal error C1083: include ファイルを開けません。'd3dx9.h':No such file or directory
  player.cpp
c:\users\s-jobi-035\desktop\就活\yosidayuto-\3 二年シューティングゲーム\バーチャルシューティング\開発環境\virtual shooting\main.h(15): fatal error C1083: include ファイルを開けません。'd3dx9.h':No such file or directory
  number.cpp
c:\users\s-jobi-035\desktop\就活\yosidayuto-\3 二年シューティングゲーム\バーチャルシューティング\開発環境\virtual shooting\main.h(15): fatal error C1083: include ファイルを開けません。'd3dx9.h':No such file or directory
  コードを生成中...
  コンパイル中...
  mouse pointer.cpp
c:\users\s-jobi-035\desktop\就活\yosidayuto-\3 二年シューティングゲーム\バーチャルシューティング\開発環境\virtual shooting\main.h(15): fatal error C1083: include ファイルを開けません。'd3dx9.h':No such file or directory
  manager.cpp
c:\users\s-jobi-035\desktop\就活\yosidayuto-\3 二年シューティングゲーム\バーチャルシューティング\開発環境\virtual shooting\main.h(15): fatal error C1083: include ファイルを開けません。'd3dx9.h':No such file or directory
  main.cpp
c:\users\s-jobi-035\desktop\就活\yosidayuto-\3 二年シューティングゲーム\バーチャルシューティング\開発環境\virtual shooting\main.h(15): fatal error C1083: include ファイルを開けません。'd3dx9.h':No such file or directory
  life.cpp
c:\users\s-jobi-035\desktop\就活\yosidayuto-\3 二年シューティングゲーム\バーチャルシューティング\開発環境\virtual shooting\main.h(15): fatal error C1083: include ファイルを開けません。'd3dx9.h':No such file or directory
  laser.cpp
c:\users\s-jobi-035\desktop\就活\yosidayuto-\3 二年シューティングゲーム\バーチャルシューティング\開発環境\virtual shooting\main.h(15): fatal error C1083: include ファイルを開けません。'd3dx9.h':No such file or directory
  inputmouse.cpp
c:\users\s-jobi-035\desktop\就活\yosidayuto-\3 二年シューティングゲーム\バーチャルシューティング\開発環境\virtual shooting\main.h(15): fatal error C1083: include ファイルを開けません。'd3dx9.h':No such file or directory
  input.cpp
c:\users\s-jobi-035\desktop\就活\yosidayuto-\3 二年シューティングゲーム\バーチャルシューティング\開発環境\virtual shooting\main.h(15): fatal error C1083: include ファイルを開けません。'd3dx9.h':No such file or directory
  inihkeyboard.cpp
c:\users\s-jobi-035\desktop\就活\yosidayuto-\3 二年シューティングゲーム\バーチャルシューティング\開発環境\virtual shooting\main.h(15): fatal error C1083: include ファイルを開けません。'd3dx9.h':No such file or directory
  homing.cpp
c:\users\s-jobi-035\desktop\就活\yosidayuto-\3 二年シューティングゲーム\バーチャルシューティング\開発環境\virtual shooting\main.h(15): fatal error C1083: include ファイルを開けません。'd3dx9.h':No such file or directory
  game.cpp
c:\users\s-jobi-035\desktop\就活\yosidayuto-\3 二年シューティングゲーム\バーチャルシューティング\開発環境\virtual shooting\main.h(15): fatal error C1083: include ファイルを開けません。'd3dx9.h':No such file or directory
  fade.cpp
c:\users\s-jobi-035\desktop\就活\yosidayuto-\3 二年シューティングゲーム\バーチャルシューティング\開発環境\virtual shooting\main.h(15): fatal error C1083: include ファイルを開けません。'd3dx9.h':No such file or directory
  explosion.cpp
c:\users\s-jobi-035\desktop\就活\yosidayuto-\3 二年シューティングゲーム\バーチャルシューティング\開発環境\virtual shooting\main.h(15): fatal error C1083: include ファイルを開けません。'd3dx9.h':No such file or directory
  enemy.cpp
c:\users\s-jobi-035\desktop\就活\yosidayuto-\3 二年シューティングゲーム\バーチャルシューティング\開発環境\virtual shooting\main.h(15): fatal error C1083: include ファイルを開けません。'd3dx9.h':No such file or directory
  effect.cpp
c:\users\s-jobi-035\desktop\就活\yosidayuto-\3 二年シューティングゲーム\バーチャルシューティング\開発環境\virtual shooting\main.h(15): fatal error C1083: include ファイルを開けません。'd3dx9.h':No such file or directory
  clear.cpp
c:\users\s-jobi-035\desktop\就活\yosidayuto-\3 二年シューティングゲーム\バーチャルシューティング\開発環境\virtual shooting\main.h(15): fatal error C1083: include ファイルを開けません。'd3dx9.h':No such file or directory
  button.cpp
c:\users\s-jobi-035\desktop\就活\yosidayuto-\3 二年シューティングゲーム\バーチャルシューティング\開発環境\virtual shooting\main.h(15): fatal error C1083: include ファイルを開けません。'd3dx9.h':No such file or directory
  bullet.cpp
c:\users\s-jobi-035\desktop\就活\yosidayuto-\3 二年シューティングゲーム\バーチャルシューティング\開発環境\virtual shooting\main.h(15): fatal error C1083: include ファイルを開けません。'd3dx9.h':No such file or directory
  boss_anime.cpp
c:\users\s-jobi-035\desktop\就活\yosidayuto-\3 二年シューティングゲーム\バーチャルシューティング\開発環境\virtual shooting\main.h(15): fatal error C1083: include ファイルを開けません。'd3dx9.h':No such file or directory
  boss.cpp
c:\users\s-jobi-035\desktop\就活\yosidayuto-\3 二年シューティングゲーム\バーチャルシューティング\開発環境\virtual shooting\main.h(15): fatal error C1083: include ファイルを開けません。'd3dx9.h':No such file or directory
  bg_game.cpp
c:\users\s-jobi-035\desktop\就活\yosidayuto-\3 二年シューティングゲーム\バーチャルシューティング\開発環境\virtual shooting\main.h(15): fatal error C1083: include ファイルを開けません。'd3dx9.h':No such file or directory
  コードを生成中...
  コンパイル中...
  Background.cpp
c:\users\s-jobi-035\desktop\就活\yosidayuto-\3 二年シューティングゲーム\バーチャルシューティング\開発環境\virtual shooting\main.h(15): fatal error C1083: include ファイルを開けません。'd3dx9.h':No such file or directory
  コードを生成中...
