  bg.cpp
  clean.cpp
  communication.cpp
  death.cpp
  die screen.cpp
  fade.cpp
  game.cpp
  input.cpp
  input_keyboard.cpp
  input_mouse.cpp
  load.cpp
  main.cpp
  manager.cpp
  mouse_pointer.cpp
  polygon.cpp
  renderer.cpp
  result.cpp
  scene.cpp
  scene2d.cpp
  sound.cpp
  コンパイル中...
  tcp_client.cpp
  title.cpp
  tooth.cpp
  turn wait.cpp
  ui.cpp
  wait.cpp
  コード生成しています。
  2 of 331 functions ( 0.6%) were compiled, the rest were copied from previous compilation.
    0 functions were new in current compilation
    0 functions had inline decision re-evaluated but remain unchanged
  コード生成が終了しました。
  Online Game main.vcxproj -> C:\Users\S-JoBi-035\Desktop\就活\yosidayuto-\オンラインチーム制作　ゲーム\環境ファイル\Release\Online Game main.exe
  Online Game main.vcxproj -> C:\Users\S-JoBi-035\Desktop\就活\yosidayuto-\オンラインチーム制作　ゲーム\環境ファイル\Release\Online Game main.pdb (Full PDB)
