c:\users\s-jobi-035\desktop\就活\yosidayuto-\吉田学園情報ビジネス専門学校_吉田悠人\3_二年シューティングゲーム\0_バーチャルシューティング\開発環境\virtual shooting\debug\vc140.pdb
c:\users\s-jobi-035\desktop\就活\yosidayuto-\吉田学園情報ビジネス専門学校_吉田悠人\3_二年シューティングゲーム\0_バーチャルシューティング\開発環境\virtual shooting\debug\vc140.idb
c:\users\s-jobi-035\desktop\就活\yosidayuto-\吉田学園情報ビジネス専門学校_吉田悠人\3_二年シューティングゲーム\0_バーチャルシューティング\開発環境\virtual shooting\debug\renderer.obj
c:\users\s-jobi-035\desktop\就活\yosidayuto-\吉田学園情報ビジネス専門学校_吉田悠人\3_二年シューティングゲーム\0_バーチャルシューティング\開発環境\virtual shooting\debug\result.obj
c:\users\s-jobi-035\desktop\就活\yosidayuto-\吉田学園情報ビジネス専門学校_吉田悠人\3_二年シューティングゲーム\0_バーチャルシューティング\開発環境\virtual shooting\debug\scene.obj
c:\users\s-jobi-035\desktop\就活\yosidayuto-\吉田学園情報ビジネス専門学校_吉田悠人\3_二年シューティングゲーム\0_バーチャルシューティング\開発環境\virtual shooting\debug\scene2d.obj
c:\users\s-jobi-035\desktop\就活\yosidayuto-\吉田学園情報ビジネス専門学校_吉田悠人\3_二年シューティングゲーム\0_バーチャルシューティング\開発環境\virtual shooting\debug\score.obj
c:\users\s-jobi-035\desktop\就活\yosidayuto-\吉田学園情報ビジネス専門学校_吉田悠人\3_二年シューティングゲーム\0_バーチャルシューティング\開発環境\virtual shooting\debug\select.obj
c:\users\s-jobi-035\desktop\就活\yosidayuto-\吉田学園情報ビジネス専門学校_吉田悠人\3_二年シューティングゲーム\0_バーチャルシューティング\開発環境\virtual shooting\debug\select bg.obj
c:\users\s-jobi-035\desktop\就活\yosidayuto-\吉田学園情報ビジネス専門学校_吉田悠人\3_二年シューティングゲーム\0_バーチャルシューティング\開発環境\virtual shooting\debug\sound.obj
c:\users\s-jobi-035\desktop\就活\yosidayuto-\吉田学園情報ビジネス専門学校_吉田悠人\3_二年シューティングゲーム\0_バーチャルシューティング\開発環境\virtual shooting\debug\speed button.obj
c:\users\s-jobi-035\desktop\就活\yosidayuto-\吉田学園情報ビジネス専門学校_吉田悠人\3_二年シューティングゲーム\0_バーチャルシューティング\開発環境\virtual shooting\debug\start button.obj
c:\users\s-jobi-035\desktop\就活\yosidayuto-\吉田学園情報ビジネス専門学校_吉田悠人\3_二年シューティングゲーム\0_バーチャルシューティング\開発環境\virtual shooting\debug\telop.obj
c:\users\s-jobi-035\desktop\就活\yosidayuto-\吉田学園情報ビジネス専門学校_吉田悠人\3_二年シューティングゲーム\0_バーチャルシューティング\開発環境\virtual shooting\debug\title bg.obj
c:\users\s-jobi-035\desktop\就活\yosidayuto-\吉田学園情報ビジネス専門学校_吉田悠人\3_二年シューティングゲーム\0_バーチャルシューティング\開発環境\virtual shooting\debug\title.obj
c:\users\s-jobi-035\desktop\就活\yosidayuto-\吉田学園情報ビジネス専門学校_吉田悠人\3_二年シューティングゲーム\0_バーチャルシューティング\開発環境\virtual shooting\debug\tutorial bg.obj
c:\users\s-jobi-035\desktop\就活\yosidayuto-\吉田学園情報ビジネス専門学校_吉田悠人\3_二年シューティングゲーム\0_バーチャルシューティング\開発環境\virtual shooting\debug\tutorial.obj
c:\users\s-jobi-035\desktop\就活\yosidayuto-\吉田学園情報ビジネス専門学校_吉田悠人\3_二年シューティングゲーム\0_バーチャルシューティング\開発環境\virtual shooting\debug\ui count.obj
c:\users\s-jobi-035\desktop\就活\yosidayuto-\吉田学園情報ビジネス専門学校_吉田悠人\3_二年シューティングゲーム\0_バーチャルシューティング\開発環境\virtual shooting\debug\ui.obj
c:\users\s-jobi-035\desktop\就活\yosidayuto-\吉田学園情報ビジネス専門学校_吉田悠人\3_二年シューティングゲーム\0_バーチャルシューティング\開発環境\virtual shooting\debug\warning.obj
c:\users\s-jobi-035\desktop\就活\yosidayuto-\吉田学園情報ビジネス専門学校_吉田悠人\3_二年シューティングゲーム\0_バーチャルシューティング\開発環境\virtual shooting\debug\weapon manager.obj
c:\users\s-jobi-035\desktop\就活\yosidayuto-\吉田学園情報ビジネス専門学校_吉田悠人\3_二年シューティングゲーム\0_バーチャルシューティング\開発環境\virtual shooting\debug\weapon ui.obj
c:\users\s-jobi-035\desktop\就活\yosidayuto-\吉田学園情報ビジネス専門学校_吉田悠人\3_二年シューティングゲーム\0_バーチャルシューティング\開発環境\virtual shooting\debug\button.obj
c:\users\s-jobi-035\desktop\就活\yosidayuto-\吉田学園情報ビジネス専門学校_吉田悠人\3_二年シューティングゲーム\0_バーチャルシューティング\開発環境\virtual shooting\debug\clear.obj
c:\users\s-jobi-035\desktop\就活\yosidayuto-\吉田学園情報ビジネス専門学校_吉田悠人\3_二年シューティングゲーム\0_バーチャルシューティング\開発環境\virtual shooting\debug\effect.obj
c:\users\s-jobi-035\desktop\就活\yosidayuto-\吉田学園情報ビジネス専門学校_吉田悠人\3_二年シューティングゲーム\0_バーチャルシューティング\開発環境\virtual shooting\debug\enemy.obj
c:\users\s-jobi-035\desktop\就活\yosidayuto-\吉田学園情報ビジネス専門学校_吉田悠人\3_二年シューティングゲーム\0_バーチャルシューティング\開発環境\virtual shooting\debug\explosion.obj
c:\users\s-jobi-035\desktop\就活\yosidayuto-\吉田学園情報ビジネス専門学校_吉田悠人\3_二年シューティングゲーム\0_バーチャルシューティング\開発環境\virtual shooting\debug\fade.obj
c:\users\s-jobi-035\desktop\就活\yosidayuto-\吉田学園情報ビジネス専門学校_吉田悠人\3_二年シューティングゲーム\0_バーチャルシューティング\開発環境\virtual shooting\debug\game.obj
c:\users\s-jobi-035\desktop\就活\yosidayuto-\吉田学園情報ビジネス専門学校_吉田悠人\3_二年シューティングゲーム\0_バーチャルシューティング\開発環境\virtual shooting\debug\homing.obj
c:\users\s-jobi-035\desktop\就活\yosidayuto-\吉田学園情報ビジネス専門学校_吉田悠人\3_二年シューティングゲーム\0_バーチャルシューティング\開発環境\virtual shooting\debug\inihkeyboard.obj
c:\users\s-jobi-035\desktop\就活\yosidayuto-\吉田学園情報ビジネス専門学校_吉田悠人\3_二年シューティングゲーム\0_バーチャルシューティング\開発環境\virtual shooting\debug\input.obj
c:\users\s-jobi-035\desktop\就活\yosidayuto-\吉田学園情報ビジネス専門学校_吉田悠人\3_二年シューティングゲーム\0_バーチャルシューティング\開発環境\virtual shooting\debug\inputmouse.obj
c:\users\s-jobi-035\desktop\就活\yosidayuto-\吉田学園情報ビジネス専門学校_吉田悠人\3_二年シューティングゲーム\0_バーチャルシューティング\開発環境\virtual shooting\debug\laser.obj
c:\users\s-jobi-035\desktop\就活\yosidayuto-\吉田学園情報ビジネス専門学校_吉田悠人\3_二年シューティングゲーム\0_バーチャルシューティング\開発環境\virtual shooting\debug\life button.obj
c:\users\s-jobi-035\desktop\就活\yosidayuto-\吉田学園情報ビジネス専門学校_吉田悠人\3_二年シューティングゲーム\0_バーチャルシューティング\開発環境\virtual shooting\debug\life ui.obj
c:\users\s-jobi-035\desktop\就活\yosidayuto-\吉田学園情報ビジネス専門学校_吉田悠人\3_二年シューティングゲーム\0_バーチャルシューティング\開発環境\virtual shooting\debug\life.obj
c:\users\s-jobi-035\desktop\就活\yosidayuto-\吉田学園情報ビジネス専門学校_吉田悠人\3_二年シューティングゲーム\0_バーチャルシューティング\開発環境\virtual shooting\debug\main.obj
c:\users\s-jobi-035\desktop\就活\yosidayuto-\吉田学園情報ビジネス専門学校_吉田悠人\3_二年シューティングゲーム\0_バーチャルシューティング\開発環境\virtual shooting\debug\manager.obj
c:\users\s-jobi-035\desktop\就活\yosidayuto-\吉田学園情報ビジネス専門学校_吉田悠人\3_二年シューティングゲーム\0_バーチャルシューティング\開発環境\virtual shooting\debug\mouse pointer.obj
c:\users\s-jobi-035\desktop\就活\yosidayuto-\吉田学園情報ビジネス専門学校_吉田悠人\3_二年シューティングゲーム\0_バーチャルシューティング\開発環境\virtual shooting\debug\number.obj
c:\users\s-jobi-035\desktop\就活\yosidayuto-\吉田学園情報ビジネス専門学校_吉田悠人\3_二年シューティングゲーム\0_バーチャルシューティング\開発環境\virtual shooting\debug\player.obj
c:\users\s-jobi-035\desktop\就活\yosidayuto-\吉田学園情報ビジネス専門学校_吉田悠人\3_二年シューティングゲーム\0_バーチャルシューティング\開発環境\virtual shooting\debug\laser icon.obj
c:\users\s-jobi-035\desktop\就活\yosidayuto-\吉田学園情報ビジネス専門学校_吉田悠人\3_二年シューティングゲーム\0_バーチャルシューティング\開発環境\virtual shooting\debug\player data.obj
c:\users\s-jobi-035\desktop\就活\yosidayuto-\吉田学園情報ビジネス専門学校_吉田悠人\3_二年シューティングゲーム\0_バーチャルシューティング\開発環境\virtual shooting\debug\result bg.obj
c:\users\s-jobi-035\desktop\就活\yosidayuto-\吉田学園情報ビジネス専門学校_吉田悠人\3_二年シューティングゲーム\0_バーチャルシューティング\開発環境\virtual shooting\debug\score bar.obj
c:\users\s-jobi-035\desktop\就活\yosidayuto-\吉田学園情報ビジネス専門学校_吉田悠人\3_二年シューティングゲーム\0_バーチャルシューティング\開発環境\virtual shooting\debug\select pointer.obj
c:\users\s-jobi-035\desktop\就活\yosidayuto-\吉田学園情報ビジネス専門学校_吉田悠人\3_二年シューティングゲーム\0_バーチャルシューティング\開発環境\virtual shooting\debug\shots base.obj
c:\users\s-jobi-035\desktop\就活\yosidayuto-\吉田学園情報ビジネス専門学校_吉田悠人\3_二年シューティングゲーム\0_バーチャルシューティング\開発環境\virtual shooting\debug\shots.obj
c:\users\s-jobi-035\desktop\就活\yosidayuto-\吉田学園情報ビジネス専門学校_吉田悠人\3_二年シューティングゲーム\0_バーチャルシューティング\開発環境\virtual shooting\debug\spiral.obj
c:\users\s-jobi-035\desktop\就活\yosidayuto-\吉田学園情報ビジネス専門学校_吉田悠人\3_二年シューティングゲーム\0_バーチャルシューティング\開発環境\virtual shooting\debug\stage.obj
c:\users\s-jobi-035\desktop\就活\yosidayuto-\吉田学園情報ビジネス専門学校_吉田悠人\3_二年シューティングゲーム\0_バーチャルシューティング\開発環境\virtual shooting\debug\stage_1.obj
c:\users\s-jobi-035\desktop\就活\yosidayuto-\吉田学園情報ビジネス専門学校_吉田悠人\3_二年シューティングゲーム\0_バーチャルシューティング\開発環境\virtual shooting\debug\stage_2.obj
c:\users\s-jobi-035\desktop\就活\yosidayuto-\吉田学園情報ビジネス専門学校_吉田悠人\3_二年シューティングゲーム\0_バーチャルシューティング\開発環境\virtual shooting\debug\stage_3.obj
c:\users\s-jobi-035\desktop\就活\yosidayuto-\吉田学園情報ビジネス専門学校_吉田悠人\3_二年シューティングゲーム\0_バーチャルシューティング\開発環境\virtual shooting\debug\telop bullet.obj
c:\users\s-jobi-035\desktop\就活\yosidayuto-\吉田学園情報ビジネス専門学校_吉田悠人\3_二年シューティングゲーム\0_バーチャルシューティング\開発環境\virtual shooting\debug\telop homing.obj
c:\users\s-jobi-035\desktop\就活\yosidayuto-\吉田学園情報ビジネス専門学校_吉田悠人\3_二年シューティングゲーム\0_バーチャルシューティング\開発環境\virtual shooting\debug\telop laser.obj
c:\users\s-jobi-035\desktop\就活\yosidayuto-\吉田学園情報ビジネス専門学校_吉田悠人\3_二年シューティングゲーム\0_バーチャルシューティング\開発環境\virtual shooting\debug\telop life.obj
c:\users\s-jobi-035\desktop\就活\yosidayuto-\吉田学園情報ビジネス専門学校_吉田悠人\3_二年シューティングゲーム\0_バーチャルシューティング\開発環境\virtual shooting\debug\telop speed.obj
c:\users\s-jobi-035\desktop\就活\yosidayuto-\吉田学園情報ビジネス専門学校_吉田悠人\3_二年シューティングゲーム\0_バーチャルシューティング\開発環境\virtual shooting\debug\telop tutorial.obj
c:\users\s-jobi-035\desktop\就活\yosidayuto-\吉田学園情報ビジネス専門学校_吉田悠人\3_二年シューティングゲーム\0_バーチャルシューティング\開発環境\virtual shooting\debug\texture.obj
c:\users\s-jobi-035\desktop\就活\yosidayuto-\吉田学園情報ビジネス専門学校_吉田悠人\3_二年シューティングゲーム\0_バーチャルシューティング\開発環境\virtual shooting\debug\bullet.obj
c:\users\s-jobi-035\desktop\就活\yosidayuto-\吉田学園情報ビジネス専門学校_吉田悠人\3_二年シューティングゲーム\0_バーチャルシューティング\開発環境\virtual shooting\debug\bullet base.obj
c:\users\s-jobi-035\desktop\就活\yosidayuto-\吉田学園情報ビジネス専門学校_吉田悠人\3_二年シューティングゲーム\0_バーチャルシューティング\開発環境\virtual shooting\debug\bullet button.obj
c:\users\s-jobi-035\desktop\就活\yosidayuto-\吉田学園情報ビジネス専門学校_吉田悠人\3_二年シューティングゲーム\0_バーチャルシューティング\開発環境\virtual shooting\debug\bg.obj
c:\users\s-jobi-035\desktop\就活\yosidayuto-\吉田学園情報ビジネス専門学校_吉田悠人\3_二年シューティングゲーム\0_バーチャルシューティング\開発環境\virtual shooting\debug\boss.obj
c:\users\s-jobi-035\desktop\就活\yosidayuto-\吉田学園情報ビジネス専門学校_吉田悠人\3_二年シューティングゲーム\0_バーチャルシューティング\開発環境\virtual shooting\debug\boss_anime.obj
c:\users\s-jobi-035\desktop\就活\yosidayuto-\吉田学園情報ビジネス専門学校_吉田悠人\3_二年シューティングゲーム\0_バーチャルシューティング\開発環境\virtual shooting\debug\bullet icon.obj
c:\users\s-jobi-035\desktop\就活\yosidayuto-\吉田学園情報ビジネス専門学校_吉田悠人\3_二年シューティングゲーム\0_バーチャルシューティング\開発環境\virtual shooting\debug\button manager.obj
c:\users\s-jobi-035\desktop\就活\yosidayuto-\吉田学園情報ビジネス専門学校_吉田悠人\3_二年シューティングゲーム\0_バーチャルシューティング\開発環境\virtual shooting\debug\enemy base.obj
c:\users\s-jobi-035\desktop\就活\yosidayuto-\吉田学園情報ビジネス専門学校_吉田悠人\3_二年シューティングゲーム\0_バーチャルシューティング\開発環境\virtual shooting\debug\enemy bullet.obj
c:\users\s-jobi-035\desktop\就活\yosidayuto-\吉田学園情報ビジネス専門学校_吉田悠人\3_二年シューティングゲーム\0_バーチャルシューティング\開発環境\virtual shooting\debug\enemy type1.obj
c:\users\s-jobi-035\desktop\就活\yosidayuto-\吉田学園情報ビジネス専門学校_吉田悠人\3_二年シューティングゲーム\0_バーチャルシューティング\開発環境\virtual shooting\debug\enemy type2.obj
c:\users\s-jobi-035\desktop\就活\yosidayuto-\吉田学園情報ビジネス専門学校_吉田悠人\3_二年シューティングゲーム\0_バーチャルシューティング\開発環境\virtual shooting\debug\enemy type3.obj
c:\users\s-jobi-035\desktop\就活\yosidayuto-\吉田学園情報ビジネス専門学校_吉田悠人\3_二年シューティングゲーム\0_バーチャルシューティング\開発環境\virtual shooting\debug\enemy type4.obj
c:\users\s-jobi-035\desktop\就活\yosidayuto-\吉田学園情報ビジネス専門学校_吉田悠人\3_二年シューティングゲーム\0_バーチャルシューティング\開発環境\virtual shooting\debug\game bg manager.obj
c:\users\s-jobi-035\desktop\就活\yosidayuto-\吉田学園情報ビジネス専門学校_吉田悠人\3_二年シューティングゲーム\0_バーチャルシューティング\開発環境\virtual shooting\debug\game bg.obj
c:\users\s-jobi-035\desktop\就活\yosidayuto-\吉田学園情報ビジネス専門学校_吉田悠人\3_二年シューティングゲーム\0_バーチャルシューティング\開発環境\virtual shooting\debug\game pointer.obj
c:\users\s-jobi-035\desktop\就活\yosidayuto-\吉田学園情報ビジネス専門学校_吉田悠人\3_二年シューティングゲーム\0_バーチャルシューティング\開発環境\virtual shooting\debug\game scroll bg.obj
c:\users\s-jobi-035\desktop\就活\yosidayuto-\吉田学園情報ビジネス専門学校_吉田悠人\3_二年シューティングゲーム\0_バーチャルシューティング\開発環境\virtual shooting\debug\homing button.obj
c:\users\s-jobi-035\desktop\就活\yosidayuto-\吉田学園情報ビジネス専門学校_吉田悠人\3_二年シューティングゲーム\0_バーチャルシューティング\開発環境\virtual shooting\debug\homing icon.obj
c:\users\s-jobi-035\desktop\就活\yosidayuto-\吉田学園情報ビジネス専門学校_吉田悠人\3_二年シューティングゲーム\0_バーチャルシューティング\開発環境\virtual shooting\debug\laser button.obj
c:\users\s-jobi-035\desktop\就活\yosidayuto-\吉田学園情報ビジネス専門学校_吉田悠人\3_二年シューティングゲーム\0_バーチャルシューティング\開発環境\virtual shooting\debug\laser2.obj
c:\users\s-jobi-035\desktop\就活\yosidayuto-\吉田学園情報ビジネス専門学校_吉田悠人\3_二年シューティングゲーム\0_バーチャルシューティング\開発環境\virtual shooting\debug\homing2.obj
c:\users\s-jobi-035\desktop\就活\yosidayuto-\吉田学園情報ビジネス専門学校_吉田悠人\3_二年シューティングゲーム\0_バーチャルシューティング\開発環境\debug\virtual shooting.ilk
c:\users\s-jobi-035\desktop\就活\yosidayuto-\吉田学園情報ビジネス専門学校_吉田悠人\3_二年シューティングゲーム\0_バーチャルシューティング\開発環境\debug\virtual shooting.exe
c:\users\s-jobi-035\desktop\就活\yosidayuto-\吉田学園情報ビジネス専門学校_吉田悠人\3_二年シューティングゲーム\0_バーチャルシューティング\開発環境\debug\virtual shooting.pdb
c:\users\s-jobi-035\desktop\就活\yosidayuto-\吉田学園情報ビジネス専門学校_吉田悠人\3_二年シューティングゲーム\0_バーチャルシューティング\開発環境\virtual shooting\debug\virtual shooting.res
c:\users\s-jobi-035\desktop\就活\yosidayuto-\吉田学園情報ビジネス専門学校_吉田悠人\3_二年シューティングゲーム\0_バーチャルシューティング\開発環境\virtual shooting\debug\virtual shooting.tlog\cl.command.1.tlog
c:\users\s-jobi-035\desktop\就活\yosidayuto-\吉田学園情報ビジネス専門学校_吉田悠人\3_二年シューティングゲーム\0_バーチャルシューティング\開発環境\virtual shooting\debug\virtual shooting.tlog\cl.read.1.tlog
c:\users\s-jobi-035\desktop\就活\yosidayuto-\吉田学園情報ビジネス専門学校_吉田悠人\3_二年シューティングゲーム\0_バーチャルシューティング\開発環境\virtual shooting\debug\virtual shooting.tlog\cl.write.1.tlog
c:\users\s-jobi-035\desktop\就活\yosidayuto-\吉田学園情報ビジネス専門学校_吉田悠人\3_二年シューティングゲーム\0_バーチャルシューティング\開発環境\virtual shooting\debug\virtual shooting.tlog\link.command.1.tlog
c:\users\s-jobi-035\desktop\就活\yosidayuto-\吉田学園情報ビジネス専門学校_吉田悠人\3_二年シューティングゲーム\0_バーチャルシューティング\開発環境\virtual shooting\debug\virtual shooting.tlog\link.read.1.tlog
c:\users\s-jobi-035\desktop\就活\yosidayuto-\吉田学園情報ビジネス専門学校_吉田悠人\3_二年シューティングゲーム\0_バーチャルシューティング\開発環境\virtual shooting\debug\virtual shooting.tlog\link.write.1.tlog
c:\users\s-jobi-035\desktop\就活\yosidayuto-\吉田学園情報ビジネス専門学校_吉田悠人\3_二年シューティングゲーム\0_バーチャルシューティング\開発環境\virtual shooting\debug\virtual shooting.tlog\rc.command.1.tlog
c:\users\s-jobi-035\desktop\就活\yosidayuto-\吉田学園情報ビジネス専門学校_吉田悠人\3_二年シューティングゲーム\0_バーチャルシューティング\開発環境\virtual shooting\debug\virtual shooting.tlog\rc.read.1.tlog
c:\users\s-jobi-035\desktop\就活\yosidayuto-\吉田学園情報ビジネス専門学校_吉田悠人\3_二年シューティングゲーム\0_バーチャルシューティング\開発環境\virtual shooting\debug\virtual shooting.tlog\rc.write.1.tlog
