  bg.cpp
  boss base.cpp
  boss type1.cpp
  boss type2.cpp
  boss type3.cpp
  boss.cpp
  boss_anime.cpp
  buckshot.cpp
  bullet base.cpp
  bullet button.cpp
  bullet icon.cpp
  bullet.cpp
  button manager.cpp
  button.cpp
  clear.cpp
  effect.cpp
  enemy base.cpp
  enemy bullet.cpp
  enemy type1.cpp
  enemy type2.cpp
  コンパイル中...
  enemy type3.cpp
  enemy type4.cpp
  enemy.cpp
  explosion.cpp
  fade.cpp
  full range shots.cpp
  game bg manager.cpp
  game bg.cpp
  game pointer.cpp
  game scroll bg.cpp
  game.cpp
  homing button.cpp
  homing icon.cpp
  homing.cpp
  laser button.cpp
  laser icon.cpp
  laser.cpp
  life button.cpp
  life ui.cpp
  life.cpp
  コンパイル中...
  main.cpp
  manager.cpp
  mouse pointer.cpp
  number.cpp
  player data.cpp
  player.cpp
  renderer.cpp
  result bg.cpp
  result.cpp
  scene.cpp
  scene2d.cpp
  score bar.cpp
  score.cpp
  select bg.cpp
  select pointer.cpp
  select.cpp
  shots base.cpp
  shots.cpp
  speed button.cpp
  spiral.cpp
  コンパイル中...
  split shots.cpp
  stage.cpp
  stage_1.cpp
  stage_2.cpp
  stage_3.cpp
  start button.cpp
  telop bullet.cpp
  telop homing.cpp
  telop laser.cpp
  telop life.cpp
  telop speed.cpp
  telop tutorial.cpp
  telop.cpp
  texture.cpp
  title bg.cpp
  title.cpp
  tutorial bg.cpp
  tutorial.cpp
  ui count.cpp
  ui.cpp
  コンパイル中...
  warning.cpp
  weapon manager.cpp
  weapon ui.cpp
  コード生成しています。
  47 of 886 functions ( 5.3%) were compiled, the rest were copied from previous compilation.
    6 functions were new in current compilation
    104 functions had inline decision re-evaluated but remain unchanged
  コード生成が終了しました。
  Virtual Shooting.vcxproj -> C:\Users\S-JoBi-035\Desktop\就活\yosidayuto-\吉田学園情報ビジネス専門学校_吉田悠人\3_二年シューティングゲーム\0_バーチャルシューティング\開発環境\Release\Virtual Shooting.exe
  Virtual Shooting.vcxproj -> C:\Users\S-JoBi-035\Desktop\就活\yosidayuto-\吉田学園情報ビジネス専門学校_吉田悠人\3_二年シューティングゲーム\0_バーチャルシューティング\開発環境\Release\Virtual Shooting.pdb (Full PDB)
