c:\users\s-jobi-035\desktop\correction\0_バーチャルシューティング\開発環境\virtual shooting\release\vc140.pdb
c:\users\s-jobi-035\desktop\correction\0_バーチャルシューティング\開発環境\virtual shooting\release\life button.obj
c:\users\s-jobi-035\desktop\correction\0_バーチャルシューティング\開発環境\virtual shooting\release\laser.obj
c:\users\s-jobi-035\desktop\correction\0_バーチャルシューティング\開発環境\virtual shooting\release\inputmouse.obj
c:\users\s-jobi-035\desktop\correction\0_バーチャルシューティング\開発環境\virtual shooting\release\input.obj
c:\users\s-jobi-035\desktop\correction\0_バーチャルシューティング\開発環境\virtual shooting\release\inihkeyboard.obj
c:\users\s-jobi-035\desktop\correction\0_バーチャルシューティング\開発環境\virtual shooting\release\homing.obj
c:\users\s-jobi-035\desktop\correction\0_バーチャルシューティング\開発環境\virtual shooting\release\game.obj
c:\users\s-jobi-035\desktop\correction\0_バーチャルシューティング\開発環境\virtual shooting\release\fade.obj
c:\users\s-jobi-035\desktop\correction\0_バーチャルシューティング\開発環境\virtual shooting\release\explosion.obj
c:\users\s-jobi-035\desktop\correction\0_バーチャルシューティング\開発環境\virtual shooting\release\enemy.obj
c:\users\s-jobi-035\desktop\correction\0_バーチャルシューティング\開発環境\virtual shooting\release\effect.obj
c:\users\s-jobi-035\desktop\correction\0_バーチャルシューティング\開発環境\virtual shooting\release\clear.obj
c:\users\s-jobi-035\desktop\correction\0_バーチャルシューティング\開発環境\virtual shooting\release\button.obj
c:\users\s-jobi-035\desktop\correction\0_バーチャルシューティング\開発環境\virtual shooting\release\button p.obj
c:\users\s-jobi-035\desktop\correction\0_バーチャルシューティング\開発環境\virtual shooting\release\bullet.obj
c:\users\s-jobi-035\desktop\correction\0_バーチャルシューティング\開発環境\virtual shooting\release\boss_anime.obj
c:\users\s-jobi-035\desktop\correction\0_バーチャルシューティング\開発環境\virtual shooting\release\boss.obj
c:\users\s-jobi-035\desktop\correction\0_バーチャルシューティング\開発環境\virtual shooting\release\bg_game.obj
c:\users\s-jobi-035\desktop\correction\0_バーチャルシューティング\開発環境\virtual shooting\release\bg.obj
c:\users\s-jobi-035\desktop\correction\0_バーチャルシューティング\開発環境\virtual shooting\release\background.obj
c:\users\s-jobi-035\desktop\correction\0_バーチャルシューティング\開発環境\virtual shooting\release\text.obj
c:\users\s-jobi-035\desktop\correction\0_バーチャルシューティング\開発環境\virtual shooting\release\telop_text.obj
c:\users\s-jobi-035\desktop\correction\0_バーチャルシューティング\開発環境\virtual shooting\release\telop_bar.obj
c:\users\s-jobi-035\desktop\correction\0_バーチャルシューティング\開発環境\virtual shooting\release\start button.obj
c:\users\s-jobi-035\desktop\correction\0_バーチャルシューティング\開発環境\virtual shooting\release\sound.obj
c:\users\s-jobi-035\desktop\correction\0_バーチャルシューティング\開発環境\virtual shooting\release\select bg.obj
c:\users\s-jobi-035\desktop\correction\0_バーチャルシューティング\開発環境\virtual shooting\release\select.obj
c:\users\s-jobi-035\desktop\correction\0_バーチャルシューティング\開発環境\virtual shooting\release\score.obj
c:\users\s-jobi-035\desktop\correction\0_バーチャルシューティング\開発環境\virtual shooting\release\scene2d.obj
c:\users\s-jobi-035\desktop\correction\0_バーチャルシューティング\開発環境\virtual shooting\release\scene.obj
c:\users\s-jobi-035\desktop\correction\0_バーチャルシューティング\開発環境\virtual shooting\release\resultbg.obj
c:\users\s-jobi-035\desktop\correction\0_バーチャルシューティング\開発環境\virtual shooting\release\result.obj
c:\users\s-jobi-035\desktop\correction\0_バーチャルシューティング\開発環境\virtual shooting\release\renderer.obj
c:\users\s-jobi-035\desktop\correction\0_バーチャルシューティング\開発環境\virtual shooting\release\player.obj
c:\users\s-jobi-035\desktop\correction\0_バーチャルシューティング\開発環境\virtual shooting\release\number.obj
c:\users\s-jobi-035\desktop\correction\0_バーチャルシューティング\開発環境\virtual shooting\release\mouse pointer.obj
c:\users\s-jobi-035\desktop\correction\0_バーチャルシューティング\開発環境\virtual shooting\release\manager.obj
c:\users\s-jobi-035\desktop\correction\0_バーチャルシューティング\開発環境\virtual shooting\release\main.obj
c:\users\s-jobi-035\desktop\correction\0_バーチャルシューティング\開発環境\virtual shooting\release\life.obj
c:\users\s-jobi-035\desktop\correction\0_バーチャルシューティング\開発環境\virtual shooting\release\life ui.obj
c:\users\s-jobi-035\desktop\correction\0_バーチャルシューティング\開発環境\virtual shooting\release\window.obj
c:\users\s-jobi-035\desktop\correction\0_バーチャルシューティング\開発環境\virtual shooting\release\weapon_ui.obj
c:\users\s-jobi-035\desktop\correction\0_バーチャルシューティング\開発環境\virtual shooting\release\warning.obj
c:\users\s-jobi-035\desktop\correction\0_バーチャルシューティング\開発環境\virtual shooting\release\ui.obj
c:\users\s-jobi-035\desktop\correction\0_バーチャルシューティング\開発環境\virtual shooting\release\ui count.obj
c:\users\s-jobi-035\desktop\correction\0_バーチャルシューティング\開発環境\virtual shooting\release\tutorial.obj
c:\users\s-jobi-035\desktop\correction\0_バーチャルシューティング\開発環境\virtual shooting\release\tutorial bg.obj
c:\users\s-jobi-035\desktop\correction\0_バーチャルシューティング\開発環境\virtual shooting\release\title.obj
c:\users\s-jobi-035\desktop\correction\0_バーチャルシューティング\開発環境\virtual shooting\release\title bg.obj
c:\users\s-jobi-035\desktop\就活\yosidayuto-\吉田学園情報ビジネス専門学校_吉田悠人\3_二年シューティングゲーム\0_バーチャルシューティング\開発環境\virtual shooting\release\vc140.pdb
c:\users\s-jobi-035\desktop\就活\yosidayuto-\吉田学園情報ビジネス専門学校_吉田悠人\3_二年シューティングゲーム\0_バーチャルシューティング\開発環境\virtual shooting\release\life button.obj
c:\users\s-jobi-035\desktop\就活\yosidayuto-\吉田学園情報ビジネス専門学校_吉田悠人\3_二年シューティングゲーム\0_バーチャルシューティング\開発環境\virtual shooting\release\laser.obj
c:\users\s-jobi-035\desktop\就活\yosidayuto-\吉田学園情報ビジネス専門学校_吉田悠人\3_二年シューティングゲーム\0_バーチャルシューティング\開発環境\virtual shooting\release\inputmouse.obj
c:\users\s-jobi-035\desktop\就活\yosidayuto-\吉田学園情報ビジネス専門学校_吉田悠人\3_二年シューティングゲーム\0_バーチャルシューティング\開発環境\virtual shooting\release\input.obj
c:\users\s-jobi-035\desktop\就活\yosidayuto-\吉田学園情報ビジネス専門学校_吉田悠人\3_二年シューティングゲーム\0_バーチャルシューティング\開発環境\virtual shooting\release\inihkeyboard.obj
c:\users\s-jobi-035\desktop\就活\yosidayuto-\吉田学園情報ビジネス専門学校_吉田悠人\3_二年シューティングゲーム\0_バーチャルシューティング\開発環境\virtual shooting\release\homing.obj
c:\users\s-jobi-035\desktop\就活\yosidayuto-\吉田学園情報ビジネス専門学校_吉田悠人\3_二年シューティングゲーム\0_バーチャルシューティング\開発環境\virtual shooting\release\game.obj
c:\users\s-jobi-035\desktop\就活\yosidayuto-\吉田学園情報ビジネス専門学校_吉田悠人\3_二年シューティングゲーム\0_バーチャルシューティング\開発環境\virtual shooting\release\fade.obj
c:\users\s-jobi-035\desktop\就活\yosidayuto-\吉田学園情報ビジネス専門学校_吉田悠人\3_二年シューティングゲーム\0_バーチャルシューティング\開発環境\virtual shooting\release\explosion.obj
c:\users\s-jobi-035\desktop\就活\yosidayuto-\吉田学園情報ビジネス専門学校_吉田悠人\3_二年シューティングゲーム\0_バーチャルシューティング\開発環境\virtual shooting\release\enemy.obj
c:\users\s-jobi-035\desktop\就活\yosidayuto-\吉田学園情報ビジネス専門学校_吉田悠人\3_二年シューティングゲーム\0_バーチャルシューティング\開発環境\virtual shooting\release\effect.obj
c:\users\s-jobi-035\desktop\就活\yosidayuto-\吉田学園情報ビジネス専門学校_吉田悠人\3_二年シューティングゲーム\0_バーチャルシューティング\開発環境\virtual shooting\release\clear.obj
c:\users\s-jobi-035\desktop\就活\yosidayuto-\吉田学園情報ビジネス専門学校_吉田悠人\3_二年シューティングゲーム\0_バーチャルシューティング\開発環境\virtual shooting\release\button.obj
c:\users\s-jobi-035\desktop\就活\yosidayuto-\吉田学園情報ビジネス専門学校_吉田悠人\3_二年シューティングゲーム\0_バーチャルシューティング\開発環境\virtual shooting\release\button p.obj
c:\users\s-jobi-035\desktop\就活\yosidayuto-\吉田学園情報ビジネス専門学校_吉田悠人\3_二年シューティングゲーム\0_バーチャルシューティング\開発環境\virtual shooting\release\bullet.obj
c:\users\s-jobi-035\desktop\就活\yosidayuto-\吉田学園情報ビジネス専門学校_吉田悠人\3_二年シューティングゲーム\0_バーチャルシューティング\開発環境\virtual shooting\release\boss_anime.obj
c:\users\s-jobi-035\desktop\就活\yosidayuto-\吉田学園情報ビジネス専門学校_吉田悠人\3_二年シューティングゲーム\0_バーチャルシューティング\開発環境\virtual shooting\release\boss.obj
c:\users\s-jobi-035\desktop\就活\yosidayuto-\吉田学園情報ビジネス専門学校_吉田悠人\3_二年シューティングゲーム\0_バーチャルシューティング\開発環境\virtual shooting\release\bg_game.obj
c:\users\s-jobi-035\desktop\就活\yosidayuto-\吉田学園情報ビジネス専門学校_吉田悠人\3_二年シューティングゲーム\0_バーチャルシューティング\開発環境\virtual shooting\release\bg.obj
c:\users\s-jobi-035\desktop\就活\yosidayuto-\吉田学園情報ビジネス専門学校_吉田悠人\3_二年シューティングゲーム\0_バーチャルシューティング\開発環境\virtual shooting\release\background.obj
c:\users\s-jobi-035\desktop\就活\yosidayuto-\吉田学園情報ビジネス専門学校_吉田悠人\3_二年シューティングゲーム\0_バーチャルシューティング\開発環境\virtual shooting\release\text.obj
c:\users\s-jobi-035\desktop\就活\yosidayuto-\吉田学園情報ビジネス専門学校_吉田悠人\3_二年シューティングゲーム\0_バーチャルシューティング\開発環境\virtual shooting\release\telop_text.obj
c:\users\s-jobi-035\desktop\就活\yosidayuto-\吉田学園情報ビジネス専門学校_吉田悠人\3_二年シューティングゲーム\0_バーチャルシューティング\開発環境\virtual shooting\release\telop_bar.obj
c:\users\s-jobi-035\desktop\就活\yosidayuto-\吉田学園情報ビジネス専門学校_吉田悠人\3_二年シューティングゲーム\0_バーチャルシューティング\開発環境\virtual shooting\release\start button.obj
c:\users\s-jobi-035\desktop\就活\yosidayuto-\吉田学園情報ビジネス専門学校_吉田悠人\3_二年シューティングゲーム\0_バーチャルシューティング\開発環境\virtual shooting\release\sound.obj
c:\users\s-jobi-035\desktop\就活\yosidayuto-\吉田学園情報ビジネス専門学校_吉田悠人\3_二年シューティングゲーム\0_バーチャルシューティング\開発環境\virtual shooting\release\select bg.obj
c:\users\s-jobi-035\desktop\就活\yosidayuto-\吉田学園情報ビジネス専門学校_吉田悠人\3_二年シューティングゲーム\0_バーチャルシューティング\開発環境\virtual shooting\release\select.obj
c:\users\s-jobi-035\desktop\就活\yosidayuto-\吉田学園情報ビジネス専門学校_吉田悠人\3_二年シューティングゲーム\0_バーチャルシューティング\開発環境\virtual shooting\release\score.obj
c:\users\s-jobi-035\desktop\就活\yosidayuto-\吉田学園情報ビジネス専門学校_吉田悠人\3_二年シューティングゲーム\0_バーチャルシューティング\開発環境\virtual shooting\release\scene2d.obj
c:\users\s-jobi-035\desktop\就活\yosidayuto-\吉田学園情報ビジネス専門学校_吉田悠人\3_二年シューティングゲーム\0_バーチャルシューティング\開発環境\virtual shooting\release\scene.obj
c:\users\s-jobi-035\desktop\就活\yosidayuto-\吉田学園情報ビジネス専門学校_吉田悠人\3_二年シューティングゲーム\0_バーチャルシューティング\開発環境\virtual shooting\release\resultbg.obj
c:\users\s-jobi-035\desktop\就活\yosidayuto-\吉田学園情報ビジネス専門学校_吉田悠人\3_二年シューティングゲーム\0_バーチャルシューティング\開発環境\virtual shooting\release\result.obj
c:\users\s-jobi-035\desktop\就活\yosidayuto-\吉田学園情報ビジネス専門学校_吉田悠人\3_二年シューティングゲーム\0_バーチャルシューティング\開発環境\virtual shooting\release\renderer.obj
c:\users\s-jobi-035\desktop\就活\yosidayuto-\吉田学園情報ビジネス専門学校_吉田悠人\3_二年シューティングゲーム\0_バーチャルシューティング\開発環境\virtual shooting\release\player.obj
c:\users\s-jobi-035\desktop\就活\yosidayuto-\吉田学園情報ビジネス専門学校_吉田悠人\3_二年シューティングゲーム\0_バーチャルシューティング\開発環境\virtual shooting\release\number.obj
c:\users\s-jobi-035\desktop\就活\yosidayuto-\吉田学園情報ビジネス専門学校_吉田悠人\3_二年シューティングゲーム\0_バーチャルシューティング\開発環境\virtual shooting\release\mouse pointer.obj
c:\users\s-jobi-035\desktop\就活\yosidayuto-\吉田学園情報ビジネス専門学校_吉田悠人\3_二年シューティングゲーム\0_バーチャルシューティング\開発環境\virtual shooting\release\manager.obj
c:\users\s-jobi-035\desktop\就活\yosidayuto-\吉田学園情報ビジネス専門学校_吉田悠人\3_二年シューティングゲーム\0_バーチャルシューティング\開発環境\virtual shooting\release\main.obj
c:\users\s-jobi-035\desktop\就活\yosidayuto-\吉田学園情報ビジネス専門学校_吉田悠人\3_二年シューティングゲーム\0_バーチャルシューティング\開発環境\virtual shooting\release\life.obj
c:\users\s-jobi-035\desktop\就活\yosidayuto-\吉田学園情報ビジネス専門学校_吉田悠人\3_二年シューティングゲーム\0_バーチャルシューティング\開発環境\virtual shooting\release\life ui.obj
c:\users\s-jobi-035\desktop\就活\yosidayuto-\吉田学園情報ビジネス専門学校_吉田悠人\3_二年シューティングゲーム\0_バーチャルシューティング\開発環境\virtual shooting\release\window.obj
c:\users\s-jobi-035\desktop\就活\yosidayuto-\吉田学園情報ビジネス専門学校_吉田悠人\3_二年シューティングゲーム\0_バーチャルシューティング\開発環境\virtual shooting\release\weapon_ui.obj
c:\users\s-jobi-035\desktop\就活\yosidayuto-\吉田学園情報ビジネス専門学校_吉田悠人\3_二年シューティングゲーム\0_バーチャルシューティング\開発環境\virtual shooting\release\warning.obj
c:\users\s-jobi-035\desktop\就活\yosidayuto-\吉田学園情報ビジネス専門学校_吉田悠人\3_二年シューティングゲーム\0_バーチャルシューティング\開発環境\virtual shooting\release\ui.obj
c:\users\s-jobi-035\desktop\就活\yosidayuto-\吉田学園情報ビジネス専門学校_吉田悠人\3_二年シューティングゲーム\0_バーチャルシューティング\開発環境\virtual shooting\release\ui count.obj
c:\users\s-jobi-035\desktop\就活\yosidayuto-\吉田学園情報ビジネス専門学校_吉田悠人\3_二年シューティングゲーム\0_バーチャルシューティング\開発環境\virtual shooting\release\tutorial.obj
c:\users\s-jobi-035\desktop\就活\yosidayuto-\吉田学園情報ビジネス専門学校_吉田悠人\3_二年シューティングゲーム\0_バーチャルシューティング\開発環境\virtual shooting\release\tutorial bg.obj
c:\users\s-jobi-035\desktop\就活\yosidayuto-\吉田学園情報ビジネス専門学校_吉田悠人\3_二年シューティングゲーム\0_バーチャルシューティング\開発環境\virtual shooting\release\title.obj
c:\users\s-jobi-035\desktop\就活\yosidayuto-\吉田学園情報ビジネス専門学校_吉田悠人\3_二年シューティングゲーム\0_バーチャルシューティング\開発環境\virtual shooting\release\title bg.obj
c:\users\s-jobi-035\desktop\就活\yosidayuto-\吉田学園情報ビジネス専門学校_吉田悠人\3_二年シューティングゲーム\0_バーチャルシューティング\開発環境\virtual shooting\release\telop speed.obj
c:\users\s-jobi-035\desktop\就活\yosidayuto-\吉田学園情報ビジネス専門学校_吉田悠人\3_二年シューティングゲーム\0_バーチャルシューティング\開発環境\virtual shooting\release\telop life.obj
c:\users\s-jobi-035\desktop\就活\yosidayuto-\吉田学園情報ビジネス専門学校_吉田悠人\3_二年シューティングゲーム\0_バーチャルシューティング\開発環境\virtual shooting\release\telop laser.obj
c:\users\s-jobi-035\desktop\就活\yosidayuto-\吉田学園情報ビジネス専門学校_吉田悠人\3_二年シューティングゲーム\0_バーチャルシューティング\開発環境\virtual shooting\release\telop homing.obj
c:\users\s-jobi-035\desktop\就活\yosidayuto-\吉田学園情報ビジネス専門学校_吉田悠人\3_二年シューティングゲーム\0_バーチャルシューティング\開発環境\virtual shooting\release\telop bullet.obj
c:\users\s-jobi-035\desktop\就活\yosidayuto-\吉田学園情報ビジネス専門学校_吉田悠人\3_二年シューティングゲーム\0_バーチャルシューティング\開発環境\virtual shooting\release\result bg.obj
c:\users\s-jobi-035\desktop\就活\yosidayuto-\吉田学園情報ビジネス専門学校_吉田悠人\3_二年シューティングゲーム\0_バーチャルシューティング\開発環境\virtual shooting\release\player data.obj
c:\users\s-jobi-035\desktop\就活\yosidayuto-\吉田学園情報ビジネス専門学校_吉田悠人\3_二年シューティングゲーム\0_バーチャルシューティング\開発環境\virtual shooting\release\laser icon.obj
c:\users\s-jobi-035\desktop\就活\yosidayuto-\吉田学園情報ビジネス専門学校_吉田悠人\3_二年シューティングゲーム\0_バーチャルシューティング\開発環境\virtual shooting\release\laser button.obj
c:\users\s-jobi-035\desktop\就活\yosidayuto-\吉田学園情報ビジネス専門学校_吉田悠人\3_二年シューティングゲーム\0_バーチャルシューティング\開発環境\virtual shooting\release\homing icon.obj
c:\users\s-jobi-035\desktop\就活\yosidayuto-\吉田学園情報ビジネス専門学校_吉田悠人\3_二年シューティングゲーム\0_バーチャルシューティング\開発環境\virtual shooting\release\homing button.obj
c:\users\s-jobi-035\desktop\就活\yosidayuto-\吉田学園情報ビジネス専門学校_吉田悠人\3_二年シューティングゲーム\0_バーチャルシューティング\開発環境\virtual shooting\release\game scroll bg.obj
c:\users\s-jobi-035\desktop\就活\yosidayuto-\吉田学園情報ビジネス専門学校_吉田悠人\3_二年シューティングゲーム\0_バーチャルシューティング\開発環境\virtual shooting\release\game bg.obj
c:\users\s-jobi-035\desktop\就活\yosidayuto-\吉田学園情報ビジネス専門学校_吉田悠人\3_二年シューティングゲーム\0_バーチャルシューティング\開発環境\virtual shooting\release\game bg manager.obj
c:\users\s-jobi-035\desktop\就活\yosidayuto-\吉田学園情報ビジネス専門学校_吉田悠人\3_二年シューティングゲーム\0_バーチャルシューティング\開発環境\virtual shooting\release\button manager.obj
c:\users\s-jobi-035\desktop\就活\yosidayuto-\吉田学園情報ビジネス専門学校_吉田悠人\3_二年シューティングゲーム\0_バーチャルシューティング\開発環境\virtual shooting\release\bullet icon.obj
c:\users\s-jobi-035\desktop\就活\yosidayuto-\吉田学園情報ビジネス専門学校_吉田悠人\3_二年シューティングゲーム\0_バーチャルシューティング\開発環境\virtual shooting\release\bullet button.obj
c:\users\s-jobi-035\desktop\就活\yosidayuto-\吉田学園情報ビジネス専門学校_吉田悠人\3_二年シューティングゲーム\0_バーチャルシューティング\開発環境\virtual shooting\release\texture.obj
c:\users\s-jobi-035\desktop\就活\yosidayuto-\吉田学園情報ビジネス専門学校_吉田悠人\3_二年シューティングゲーム\0_バーチャルシューティング\開発環境\virtual shooting\release\telop tutorial.obj
c:\users\s-jobi-035\desktop\就活\yosidayuto-\吉田学園情報ビジネス専門学校_吉田悠人\3_二年シューティングゲーム\0_バーチャルシューティング\開発環境\virtual shooting\release\telop.obj
c:\users\s-jobi-035\desktop\就活\yosidayuto-\吉田学園情報ビジネス専門学校_吉田悠人\3_二年シューティングゲーム\0_バーチャルシューティング\開発環境\virtual shooting\release\speed button.obj
c:\users\s-jobi-035\desktop\就活\yosidayuto-\吉田学園情報ビジネス専門学校_吉田悠人\3_二年シューティングゲーム\0_バーチャルシューティング\開発環境\virtual shooting\release\weapon ui.obj
c:\users\s-jobi-035\desktop\就活\yosidayuto-\吉田学園情報ビジネス専門学校_吉田悠人\3_二年シューティングゲーム\0_バーチャルシューティング\開発環境\virtual shooting\release\weapon manager.obj
c:\users\s-jobi-035\desktop\就活\yosidayuto-\吉田学園情報ビジネス専門学校_吉田悠人\3_二年シューティングゲーム\0_バーチャルシューティング\開発環境\virtual shooting\release\select pointer.obj
c:\users\s-jobi-035\desktop\就活\yosidayuto-\吉田学園情報ビジネス専門学校_吉田悠人\3_二年シューティングゲーム\0_バーチャルシューティング\開発環境\virtual shooting\release\game pointer.obj
c:\users\s-jobi-035\desktop\就活\yosidayuto-\吉田学園情報ビジネス専門学校_吉田悠人\3_二年シューティングゲーム\0_バーチャルシューティング\開発環境\virtual shooting\release\stage_1.obj
c:\users\s-jobi-035\desktop\就活\yosidayuto-\吉田学園情報ビジネス専門学校_吉田悠人\3_二年シューティングゲーム\0_バーチャルシューティング\開発環境\virtual shooting\release\stage_3.obj
c:\users\s-jobi-035\desktop\就活\yosidayuto-\吉田学園情報ビジネス専門学校_吉田悠人\3_二年シューティングゲーム\0_バーチャルシューティング\開発環境\virtual shooting\release\stage_2.obj
c:\users\s-jobi-035\desktop\就活\yosidayuto-\吉田学園情報ビジネス専門学校_吉田悠人\3_二年シューティングゲーム\0_バーチャルシューティング\開発環境\virtual shooting\release\stage.obj
c:\users\s-jobi-035\desktop\就活\yosidayuto-\吉田学園情報ビジネス専門学校_吉田悠人\3_二年シューティングゲーム\0_バーチャルシューティング\開発環境\virtual shooting\release\score bar.obj
c:\users\s-jobi-035\desktop\就活\yosidayuto-\吉田学園情報ビジネス専門学校_吉田悠人\3_二年シューティングゲーム\0_バーチャルシューティング\開発環境\virtual shooting\release\bullet base.obj
c:\users\s-jobi-035\desktop\就活\yosidayuto-\吉田学園情報ビジネス専門学校_吉田悠人\3_二年シューティングゲーム\0_バーチャルシューティング\開発環境\virtual shooting\release\enemy bullet.obj
c:\users\s-jobi-035\desktop\就活\yosidayuto-\吉田学園情報ビジネス専門学校_吉田悠人\3_二年シューティングゲーム\0_バーチャルシューティング\開発環境\virtual shooting\release\enemy type4.obj
c:\users\s-jobi-035\desktop\就活\yosidayuto-\吉田学園情報ビジネス専門学校_吉田悠人\3_二年シューティングゲーム\0_バーチャルシューティング\開発環境\virtual shooting\release\enemy type3.obj
c:\users\s-jobi-035\desktop\就活\yosidayuto-\吉田学園情報ビジネス専門学校_吉田悠人\3_二年シューティングゲーム\0_バーチャルシューティング\開発環境\virtual shooting\release\enemy type2.obj
c:\users\s-jobi-035\desktop\就活\yosidayuto-\吉田学園情報ビジネス専門学校_吉田悠人\3_二年シューティングゲーム\0_バーチャルシューティング\開発環境\virtual shooting\release\enemy type1.obj
c:\users\s-jobi-035\desktop\就活\yosidayuto-\吉田学園情報ビジネス専門学校_吉田悠人\3_二年シューティングゲーム\0_バーチャルシューティング\開発環境\virtual shooting\release\enemy base.obj
c:\users\s-jobi-035\desktop\就活\yosidayuto-\吉田学園情報ビジネス専門学校_吉田悠人\3_二年シューティングゲーム\0_バーチャルシューティング\開発環境\virtual shooting\release\boss type3.obj
c:\users\s-jobi-035\desktop\就活\yosidayuto-\吉田学園情報ビジネス専門学校_吉田悠人\3_二年シューティングゲーム\0_バーチャルシューティング\開発環境\virtual shooting\release\boss type2.obj
c:\users\s-jobi-035\desktop\就活\yosidayuto-\吉田学園情報ビジネス専門学校_吉田悠人\3_二年シューティングゲーム\0_バーチャルシューティング\開発環境\virtual shooting\release\boss type1.obj
c:\users\s-jobi-035\desktop\就活\yosidayuto-\吉田学園情報ビジネス専門学校_吉田悠人\3_二年シューティングゲーム\0_バーチャルシューティング\開発環境\virtual shooting\release\boss base.obj
c:\users\s-jobi-035\desktop\就活\yosidayuto-\吉田学園情報ビジネス専門学校_吉田悠人\3_二年シューティングゲーム\0_バーチャルシューティング\開発環境\virtual shooting\release\spiral.obj
c:\users\s-jobi-035\desktop\就活\yosidayuto-\吉田学園情報ビジネス専門学校_吉田悠人\3_二年シューティングゲーム\0_バーチャルシューティング\開発環境\virtual shooting\release\shots.obj
c:\users\s-jobi-035\desktop\就活\yosidayuto-\吉田学園情報ビジネス専門学校_吉田悠人\3_二年シューティングゲーム\0_バーチャルシューティング\開発環境\virtual shooting\release\shots base.obj
c:\users\s-jobi-035\desktop\就活\yosidayuto-\吉田学園情報ビジネス専門学校_吉田悠人\3_二年シューティングゲーム\0_バーチャルシューティング\開発環境\virtual shooting\release\full range shots.obj
c:\users\s-jobi-035\desktop\就活\yosidayuto-\吉田学園情報ビジネス専門学校_吉田悠人\3_二年シューティングゲーム\0_バーチャルシューティング\開発環境\virtual shooting\release\buckshot.obj
c:\users\s-jobi-035\desktop\就活\yosidayuto-\吉田学園情報ビジネス専門学校_吉田悠人\3_二年シューティングゲーム\0_バーチャルシューティング\開発環境\virtual shooting\release\split shots.obj
c:\users\s-jobi-035\desktop\就活\yosidayuto-\吉田学園情報ビジネス専門学校_吉田悠人\3_二年シューティングゲーム\0_バーチャルシューティング\開発環境\virtual shooting\release\boss effect base.obj
c:\users\s-jobi-035\desktop\就活\yosidayuto-\吉田学園情報ビジネス専門学校_吉田悠人\3_二年シューティングゲーム\0_バーチャルシューティング\開発環境\virtual shooting\release\boss effect1.obj
c:\users\s-jobi-035\desktop\就活\yosidayuto-\吉田学園情報ビジネス専門学校_吉田悠人\3_二年シューティングゲーム\0_バーチャルシューティング\開発環境\virtual shooting\release\delete effect3.obj
c:\users\s-jobi-035\desktop\就活\yosidayuto-\吉田学園情報ビジネス専門学校_吉田悠人\3_二年シューティングゲーム\0_バーチャルシューティング\開発環境\virtual shooting\release\delete effect2.obj
c:\users\s-jobi-035\desktop\就活\yosidayuto-\吉田学園情報ビジネス専門学校_吉田悠人\3_二年シューティングゲーム\0_バーチャルシューティング\開発環境\virtual shooting\release\delete effect1.obj
c:\users\s-jobi-035\desktop\就活\yosidayuto-\吉田学園情報ビジネス専門学校_吉田悠人\3_二年シューティングゲーム\0_バーチャルシューティング\開発環境\virtual shooting\release\boss effect3.obj
c:\users\s-jobi-035\desktop\就活\yosidayuto-\吉田学園情報ビジネス専門学校_吉田悠人\3_二年シューティングゲーム\0_バーチャルシューティング\開発環境\virtual shooting\release\boss effect2.obj
c:\users\s-jobi-035\desktop\就活\yosidayuto-\吉田学園情報ビジネス専門学校_吉田悠人\3_二年シューティングゲーム\0_バーチャルシューティング\開発環境\virtual shooting\release\life tank.obj
c:\users\s-jobi-035\desktop\correction\0_バーチャルシューティング\開発環境\release\virtual shooting.exe
c:\users\s-jobi-035\desktop\correction\0_バーチャルシューティング\開発環境\release\virtual shooting.ipdb
c:\users\s-jobi-035\desktop\correction\0_バーチャルシューティング\開発環境\release\virtual shooting.iobj
c:\users\s-jobi-035\desktop\correction\0_バーチャルシューティング\開発環境\release\virtual shooting.pdb
c:\users\s-jobi-035\desktop\就活\yosidayuto-\吉田学園情報ビジネス専門学校_吉田悠人\3_二年シューティングゲーム\0_バーチャルシューティング\開発環境\release\virtual shooting.exe
c:\users\s-jobi-035\desktop\就活\yosidayuto-\吉田学園情報ビジネス専門学校_吉田悠人\3_二年シューティングゲーム\0_バーチャルシューティング\開発環境\release\virtual shooting.ipdb
c:\users\s-jobi-035\desktop\就活\yosidayuto-\吉田学園情報ビジネス専門学校_吉田悠人\3_二年シューティングゲーム\0_バーチャルシューティング\開発環境\release\virtual shooting.iobj
c:\users\s-jobi-035\desktop\就活\yosidayuto-\吉田学園情報ビジネス専門学校_吉田悠人\3_二年シューティングゲーム\0_バーチャルシューティング\開発環境\release\virtual shooting.pdb
c:\users\s-jobi-035\desktop\就活\yosidayuto-\吉田学園情報ビジネス専門学校_吉田悠人\3_二年シューティングゲーム\0_バーチャルシューティング\開発環境\virtual shooting\release\virtual shooting.res
c:\users\s-jobi-035\desktop\就活\yosidayuto-\吉田学園情報ビジネス専門学校_吉田悠人\3_二年シューティングゲーム\0_バーチャルシューティング\開発環境\virtual shooting\release\selectbg.obj
c:\users\s-jobi-035\desktop\就活\yosidayuto-\吉田学園情報ビジネス専門学校_吉田悠人\3_二年シューティングゲーム\0_バーチャルシューティング\開発環境\virtual shooting\release\title c.obj
c:\users\s-jobi-035\desktop\就活\yosidayuto-\吉田学園情報ビジネス専門学校_吉田悠人\3_二年シューティングゲーム\0_バーチャルシューティング\開発環境\virtual shooting\release\virtual shooting.tlog\cl.command.1.tlog
c:\users\s-jobi-035\desktop\就活\yosidayuto-\吉田学園情報ビジネス専門学校_吉田悠人\3_二年シューティングゲーム\0_バーチャルシューティング\開発環境\virtual shooting\release\virtual shooting.tlog\cl.read.1.tlog
c:\users\s-jobi-035\desktop\就活\yosidayuto-\吉田学園情報ビジネス専門学校_吉田悠人\3_二年シューティングゲーム\0_バーチャルシューティング\開発環境\virtual shooting\release\virtual shooting.tlog\cl.write.1.tlog
c:\users\s-jobi-035\desktop\就活\yosidayuto-\吉田学園情報ビジネス専門学校_吉田悠人\3_二年シューティングゲーム\0_バーチャルシューティング\開発環境\virtual shooting\release\virtual shooting.tlog\link.command.1.tlog
c:\users\s-jobi-035\desktop\就活\yosidayuto-\吉田学園情報ビジネス専門学校_吉田悠人\3_二年シューティングゲーム\0_バーチャルシューティング\開発環境\virtual shooting\release\virtual shooting.tlog\link.read.1.tlog
c:\users\s-jobi-035\desktop\就活\yosidayuto-\吉田学園情報ビジネス専門学校_吉田悠人\3_二年シューティングゲーム\0_バーチャルシューティング\開発環境\virtual shooting\release\virtual shooting.tlog\link.write.1.tlog
c:\users\s-jobi-035\desktop\就活\yosidayuto-\吉田学園情報ビジネス専門学校_吉田悠人\3_二年シューティングゲーム\0_バーチャルシューティング\開発環境\virtual shooting\release\virtual shooting.tlog\rc.command.1.tlog
c:\users\s-jobi-035\desktop\就活\yosidayuto-\吉田学園情報ビジネス専門学校_吉田悠人\3_二年シューティングゲーム\0_バーチャルシューティング\開発環境\virtual shooting\release\virtual shooting.tlog\rc.read.1.tlog
c:\users\s-jobi-035\desktop\就活\yosidayuto-\吉田学園情報ビジネス専門学校_吉田悠人\3_二年シューティングゲーム\0_バーチャルシューティング\開発環境\virtual shooting\release\virtual shooting.tlog\rc.write.1.tlog
