  weapon ui.cpp
  weapon manager.cpp
  warning.cpp
  ui count.cpp
  tutorial.cpp
  tutorial bg.cpp
  title.cpp
  title bg.cpp
  telop.cpp
  start button.cpp
  speed button.cpp
  sound.cpp
  select bg.cpp
  select.cpp
  score.cpp
  scene2d.cpp
  scene.cpp
  result.cpp
  renderer.cpp
  player.cpp
  コードを生成中...
  コンパイル中...
  number.cpp
  mouse pointer.cpp
  manager.cpp
  main.cpp
  life.cpp
  life ui.cpp
  life button.cpp
  inputmouse.cpp
  input.cpp
  inihkeyboard.cpp
  game.cpp
  fade.cpp
  explosion.cpp
  effect.cpp
  clear.cpp
  button.cpp
  bullet.cpp
  texture.cpp
  telop tutorial.cpp
  telop speed.cpp
  コードを生成中...
  コンパイル中...
  telop life.cpp
  telop laser.cpp
  telop homing.cpp
  telop bullet.cpp
  stage_3.cpp
  stage_2.cpp
  stage_1.cpp
  stage.cpp
  split shots.cpp
  spiral.cpp
  shots.cpp
  shots base.cpp
  select pointer.cpp
  score bar.cpp
  result bg.cpp
  player data.cpp
  load.cpp
  load bg.cpp
  life tank.cpp
  laser.cpp
  コードを生成中...
  コンパイル中...
  laser icon.cpp
  laser button.cpp
  homing.cpp
  homing icon.cpp
  homing button.cpp
  game scroll bg.cpp
  game pointer.cpp
  game bg.cpp
  game bg manager.cpp
  full range shots.cpp
  enemy type4.cpp
  enemy type3.cpp
  enemy type2.cpp
  enemy type1.cpp
  enemy bullet.cpp
  enemy base.cpp
  delete effect3.cpp
  delete effect2.cpp
  delete effect1.cpp
  button manager.cpp
  コードを生成中...
  コンパイル中...
  bullet icon.cpp
  bg.cpp
  bullet button.cpp
  bullet base.cpp
  buckshot.cpp
  boss type3.cpp
  boss type2.cpp
  boss type1.cpp
  boss effect1.cpp
  boss effect base.cpp
  boss base.cpp
  boss effect3.cpp
  boss effect2.cpp
  コードを生成中...
  Virtual Shooting.vcxproj -> C:\Users\S-JoBi-035\Desktop\就活\yosidayuto-\吉田学園情報ビジネス専門学校_吉田悠人\01_二年シューティングゲーム\0_バーチャルシューティング\開発環境\Debug\Virtual Shooting.exe
  Virtual Shooting.vcxproj -> C:\Users\S-JoBi-035\Desktop\就活\yosidayuto-\吉田学園情報ビジネス専門学校_吉田悠人\01_二年シューティングゲーム\0_バーチャルシューティング\開発環境\Debug\Virtual Shooting.pdb (Full PDB)
